<?xml version="1.0" encoding="UTF-8"?>
<coverage generated="1772758782088" clover="3.2.0">
  <project timestamp="1772758782089" name="All files">
    <metrics statements="576" coveredstatements="215" conditionals="411" coveredconditionals="217" methods="191" coveredmethods="85" elements="1178" coveredelements="517" complexity="0" loc="576" ncloc="576" packages="4" files="26" classes="26"/>
    <package name="src">
      <metrics statements="68" coveredstatements="33" conditionals="29" coveredconditionals="8" methods="12" coveredmethods="5"/>
      <file name="App.tsx" path="/home/srobot/dev/esports-manager/crates/esm-ui/src/App.tsx">
        <metrics statements="68" coveredstatements="33" conditionals="29" coveredconditionals="8" methods="12" coveredmethods="5"/>
        <line num="23" count="1" type="stmt"/>
        <line num="33" count="29" type="stmt"/>
        <line num="34" count="29" type="stmt"/>
        <line num="35" count="29" type="stmt"/>
        <line num="36" count="29" type="stmt"/>
        <line num="37" count="29" type="stmt"/>
        <line num="40" count="29" type="stmt"/>
        <line num="41" count="29" type="stmt"/>
        <line num="42" count="29" type="stmt"/>
        <line num="43" count="29" type="stmt"/>
        <line num="44" count="29" type="stmt"/>
        <line num="45" count="29" type="stmt"/>
        <line num="47" count="29" type="stmt"/>
        <line num="48" count="6" type="cond" truecount="1" falsecount="1"/>
        <line num="50" count="0" type="stmt"/>
        <line num="52" count="6" type="cond" truecount="2" falsecount="0"/>
        <line num="53" count="2" type="stmt"/>
        <line num="55" count="6" type="stmt"/>
        <line num="58" count="29" type="stmt"/>
        <line num="60" count="29" type="stmt"/>
        <line num="61" count="0" type="cond" truecount="0" falsecount="2"/>
        <line num="62" count="0" type="stmt"/>
        <line num="65" count="29" type="stmt"/>
        <line num="66" count="2" type="stmt"/>
        <line num="67" count="2" type="stmt"/>
        <line num="70" count="29" type="stmt"/>
        <line num="71" count="0" type="cond" truecount="0" falsecount="2"/>
        <line num="72" count="0" type="stmt"/>
        <line num="73" count="0" type="stmt"/>
        <line num="74" count="0" type="stmt"/>
        <line num="75" count="0" type="stmt"/>
        <line num="85" count="0" type="cond" truecount="0" falsecount="2"/>
        <line num="86" count="0" type="stmt"/>
        <line num="87" count="0" type="stmt"/>
        <line num="89" count="0" type="stmt"/>
        <line num="90" count="0" type="stmt"/>
        <line num="92" count="0" type="cond" truecount="0" falsecount="2"/>
        <line num="93" count="0" type="stmt"/>
        <line num="94" count="0" type="stmt"/>
        <line num="98" count="29" type="stmt"/>
        <line num="99" count="0" type="stmt"/>
        <line num="100" count="0" type="cond" truecount="0" falsecount="2"/>
        <line num="101" count="0" type="stmt"/>
        <line num="102" count="0" type="stmt"/>
        <line num="106" count="29" type="stmt"/>
        <line num="107" count="0" type="cond" truecount="0" falsecount="2"/>
        <line num="108" count="0" type="stmt"/>
        <line num="109" count="0" type="stmt"/>
        <line num="111" count="0" type="stmt"/>
        <line num="112" count="0" type="cond" truecount="0" falsecount="2"/>
        <line num="113" count="0" type="stmt"/>
        <line num="117" count="29" type="stmt"/>
        <line num="118" count="0" type="stmt"/>
        <line num="119" count="0" type="cond" truecount="0" falsecount="2"/>
        <line num="120" count="0" type="stmt"/>
        <line num="124" count="29" type="stmt"/>
        <line num="125" count="0" type="stmt"/>
        <line num="126" count="0" type="stmt"/>
        <line num="129" count="29" type="cond" truecount="4" falsecount="3"/>
        <line num="131" count="11" type="stmt"/>
        <line num="133" count="11" type="stmt"/>
        <line num="140" count="2" type="stmt"/>
        <line num="148" count="0" type="stmt"/>
        <line num="154" count="1" type="stmt"/>
        <line num="160" count="5" type="stmt"/>
        <line num="170" count="0" type="stmt"/>
        <line num="172" count="0" type="stmt"/>
        <line num="186" count="0" type="stmt"/>
      </file>
    </package>
    <package name="src.components">
      <metrics statements="256" coveredstatements="120" conditionals="340" coveredconditionals="200" methods="124" coveredmethods="62"/>
      <file name="Dashboard.tsx" path="/home/srobot/dev/esports-manager/crates/esm-ui/src/components/Dashboard.tsx">
        <metrics statements="10" coveredstatements="8" conditionals="14" coveredconditionals="12" methods="9" coveredmethods="7"/>
        <line num="12" count="28" type="stmt"/>
        <line num="45" count="7" type="stmt"/>
        <line num="110" count="35" type="stmt"/>
        <line num="115" count="0" type="stmt"/>
        <line num="118" count="0" type="stmt"/>
        <line num="155" count="7" type="cond" truecount="2" falsecount="0"/>
        <line num="161" count="35" type="stmt"/>
        <line num="163" count="7" type="stmt"/>
        <line num="208" count="35" type="stmt"/>
        <line num="236" count="7" type="stmt"/>
      </file>
      <file name="DraftUI.tsx" path="/home/srobot/dev/esports-manager/crates/esm-ui/src/components/DraftUI.tsx">
        <metrics statements="4" coveredstatements="0" conditionals="8" coveredconditionals="0" methods="3" coveredmethods="0"/>
        <line num="5" count="0" type="stmt"/>
        <line num="7" count="0" type="stmt"/>
        <line num="13" count="0" type="stmt"/>
        <line num="20" count="0" type="stmt"/>
      </file>
      <file name="Finances.tsx" path="/home/srobot/dev/esports-manager/crates/esm-ui/src/components/Finances.tsx">
        <metrics statements="9" coveredstatements="7" conditionals="8" coveredconditionals="8" methods="6" coveredmethods="4"/>
        <line num="19" count="45" type="stmt"/>
        <line num="33" count="21" type="stmt"/>
        <line num="61" count="7" type="stmt"/>
        <line num="144" count="24" type="stmt"/>
        <line num="145" count="24" type="cond" truecount="2" falsecount="0"/>
        <line num="148" count="24" type="cond" truecount="2" falsecount="0"/>
        <line num="152" count="24" type="stmt"/>
        <line num="160" count="0" type="stmt"/>
        <line num="164" count="0" type="stmt"/>
      </file>
      <file name="GameShell.tsx" path="/home/srobot/dev/esports-manager/crates/esm-ui/src/components/GameShell.tsx">
        <metrics statements="69" coveredstatements="4" conditionals="52" coveredconditionals="0" methods="18" coveredmethods="0"/>
        <line num="21" count="1" type="stmt"/>
        <line num="37" count="1" type="stmt"/>
        <line num="44" count="1" type="stmt"/>
        <line num="52" count="1" type="stmt"/>
        <line num="85" count="0" type="stmt"/>
        <line num="86" count="0" type="stmt"/>
        <line num="87" count="0" type="stmt"/>
        <line num="88" count="0" type="stmt"/>
        <line num="89" count="0" type="stmt"/>
        <line num="90" count="0" type="stmt"/>
        <line num="91" count="0" type="stmt"/>
        <line num="92" count="0" type="stmt"/>
        <line num="95" count="0" type="stmt"/>
        <line num="96" count="0" type="stmt"/>
        <line num="97" count="0" type="stmt"/>
        <line num="98" count="0" type="stmt"/>
        <line num="99" count="0" type="stmt"/>
        <line num="103" count="0" type="stmt"/>
        <line num="104" count="0" type="cond" truecount="0" falsecount="2"/>
        <line num="105" count="0" type="stmt"/>
        <line num="106" count="0" type="stmt"/>
        <line num="107" count="0" type="stmt"/>
        <line num="108" count="0" type="stmt"/>
        <line num="109" count="0" type="stmt"/>
        <line num="113" count="0" type="stmt"/>
        <line num="114" count="0" type="stmt"/>
        <line num="117" count="0" type="stmt"/>
        <line num="118" count="0" type="stmt"/>
        <line num="119" count="0" type="cond" truecount="0" falsecount="2"/>
        <line num="120" count="0" type="stmt"/>
        <line num="121" count="0" type="stmt"/>
        <line num="122" count="0" type="stmt"/>
        <line num="126" count="0" type="stmt"/>
        <line num="127" count="0" type="stmt"/>
        <line num="128" count="0" type="stmt"/>
        <line num="129" count="0" type="stmt"/>
        <line num="130" count="0" type="cond" truecount="0" falsecount="2"/>
        <line num="131" count="0" type="cond" truecount="0" falsecount="2"/>
        <line num="132" count="0" type="stmt"/>
        <line num="133" count="0" type="stmt"/>
        <line num="135" count="0" type="stmt"/>
        <line num="141" count="0" type="stmt"/>
        <line num="154" count="0" type="stmt"/>
        <line num="163" count="0" type="stmt"/>
        <line num="164" count="0" type="cond" truecount="0" falsecount="13"/>
        <line num="166" count="0" type="stmt"/>
        <line num="169" count="0" type="stmt"/>
        <line num="170" count="0" type="stmt"/>
        <line num="177" count="0" type="stmt"/>
        <line num="179" count="0" type="stmt"/>
        <line num="181" count="0" type="stmt"/>
        <line num="199" count="0" type="stmt"/>
        <line num="201" count="0" type="stmt"/>
        <line num="213" count="0" type="stmt"/>
        <line num="215" count="0" type="stmt"/>
        <line num="217" count="0" type="stmt"/>
        <line num="219" count="0" type="stmt"/>
        <line num="221" count="0" type="stmt"/>
        <line num="224" count="0" type="stmt"/>
        <line num="225" count="0" type="stmt"/>
        <line num="240" count="0" type="stmt"/>
        <line num="245" count="0" type="stmt"/>
        <line num="249" count="0" type="stmt"/>
        <line num="250" count="0" type="cond" truecount="0" falsecount="3"/>
        <line num="252" count="0" type="stmt"/>
        <line num="258" count="0" type="stmt"/>
        <line num="263" count="0" type="stmt"/>
        <line num="265" count="0" type="stmt"/>
        <line num="278" count="0" type="stmt"/>
      </file>
      <file name="Inbox.tsx" path="/home/srobot/dev/esports-manager/crates/esm-ui/src/components/Inbox.tsx">
        <metrics statements="5" coveredstatements="4" conditionals="32" coveredconditionals="26" methods="3" coveredmethods="2"/>
        <line num="21" count="2" type="stmt"/>
        <line num="28" count="7" type="stmt"/>
        <line num="47" count="18" type="cond" truecount="1" falsecount="1"/>
        <line num="48" count="18" type="stmt"/>
        <line num="121" count="0" type="cond" truecount="0" falsecount="2"/>
      </file>
      <file name="LoadGame.tsx" path="/home/srobot/dev/esports-manager/crates/esm-ui/src/components/LoadGame.tsx">
        <metrics statements="12" coveredstatements="5" conditionals="11" coveredconditionals="11" methods="8" coveredmethods="4"/>
        <line num="23" count="10" type="stmt"/>
        <line num="45" count="2" type="stmt"/>
        <line num="46" count="2" type="stmt"/>
        <line num="49" count="0" type="stmt"/>
        <line num="50" count="0" type="stmt"/>
        <line num="94" count="6" type="stmt"/>
        <line num="119" count="0" type="stmt"/>
        <line num="127" count="0" type="stmt"/>
        <line num="128" count="0" type="stmt"/>
        <line num="131" count="0" type="stmt"/>
        <line num="133" count="0" type="stmt"/>
        <line num="141" count="1" type="stmt"/>
      </file>
      <file name="MainMenu.tsx" path="/home/srobot/dev/esports-manager/crates/esm-ui/src/components/MainMenu.tsx">
        <metrics statements="13" coveredstatements="7" conditionals="4" coveredconditionals="2" methods="10" coveredmethods="6"/>
        <line num="18" count="68" type="stmt"/>
        <line num="28" count="9" type="stmt"/>
        <line num="31" count="0" type="stmt"/>
        <line num="54" count="17" type="stmt"/>
        <line num="56" count="17" type="stmt"/>
        <line num="71" count="0" type="stmt"/>
        <line num="72" count="0" type="stmt"/>
        <line num="75" count="0" type="stmt"/>
        <line num="76" count="0" type="stmt"/>
        <line num="102" count="5" type="stmt"/>
        <line num="108" count="3" type="stmt"/>
        <line num="114" count="1" type="stmt"/>
        <line num="120" count="0" type="stmt"/>
      </file>
      <file name="MatchLobby.tsx" path="/home/srobot/dev/esports-manager/crates/esm-ui/src/components/MatchLobby.tsx">
        <metrics statements="6" coveredstatements="0" conditionals="10" coveredconditionals="0" methods="1" coveredmethods="0"/>
        <line num="18" count="0" type="cond" truecount="0" falsecount="2"/>
        <line num="19" count="0" type="stmt"/>
        <line num="28" count="0" type="stmt"/>
        <line num="29" count="0" type="cond" truecount="0" falsecount="2"/>
        <line num="30" count="0" type="cond" truecount="0" falsecount="2"/>
        <line num="32" count="0" type="stmt"/>
      </file>
      <file name="NewGame.tsx" path="/home/srobot/dev/esports-manager/crates/esm-ui/src/components/NewGame.tsx">
        <metrics statements="22" coveredstatements="19" conditionals="22" coveredconditionals="21" methods="10" coveredmethods="8"/>
        <line num="19" count="2" type="stmt"/>
        <line num="34" count="376" type="stmt"/>
        <line num="47" count="80" type="stmt"/>
        <line num="56" count="16" type="stmt"/>
        <line num="59" count="15" type="stmt"/>
        <line num="67" count="94" type="stmt"/>
        <line num="68" count="94" type="stmt"/>
        <line num="69" count="94" type="stmt"/>
        <line num="70" count="94" type="stmt"/>
        <line num="71" count="94" type="stmt"/>
        <line num="74" count="94" type="cond" truecount="4" falsecount="0"/>
        <line num="79" count="94" type="stmt"/>
        <line num="80" count="3" type="cond" truecount="1" falsecount="1"/>
        <line num="81" count="3" type="stmt"/>
        <line num="91" count="94" type="stmt"/>
        <line num="113" count="2" type="stmt"/>
        <line num="114" count="2" type="stmt"/>
        <line num="117" count="0" type="stmt"/>
        <line num="118" count="0" type="stmt"/>
        <line num="199" count="282" type="stmt"/>
        <line num="200" count="282" type="stmt"/>
        <line num="206" count="0" type="stmt"/>
      </file>
      <file name="Results.tsx" path="/home/srobot/dev/esports-manager/crates/esm-ui/src/components/Results.tsx">
        <metrics statements="4" coveredstatements="4" conditionals="12" coveredconditionals="12" methods="2" coveredmethods="2"/>
        <line num="20" count="2" type="stmt"/>
        <line num="26" count="5" type="stmt"/>
        <line num="45" count="12" type="stmt"/>
        <line num="47" count="12" type="stmt"/>
      </file>
      <file name="Roster.tsx" path="/home/srobot/dev/esports-manager/crates/esm-ui/src/components/Roster.tsx">
        <metrics statements="10" coveredstatements="8" conditionals="18" coveredconditionals="10" methods="6" coveredmethods="4"/>
        <line num="19" count="2" type="stmt"/>
        <line num="29" count="54" type="cond" truecount="2" falsecount="0"/>
        <line num="37" count="54" type="stmt"/>
        <line num="48" count="36" type="stmt"/>
        <line num="50" count="36" type="cond" truecount="1" falsecount="1"/>
        <line num="56" count="36" type="stmt"/>
        <line num="81" count="7" type="stmt"/>
        <line num="159" count="18" type="stmt"/>
        <line num="166" count="0" type="stmt"/>
        <line num="170" count="0" type="stmt"/>
      </file>
      <file name="Schedule.tsx" path="/home/srobot/dev/esports-manager/crates/esm-ui/src/components/Schedule.tsx">
        <metrics statements="5" coveredstatements="5" conditionals="12" coveredconditionals="12" methods="2" coveredmethods="2"/>
        <line num="18" count="2" type="stmt"/>
        <line num="24" count="6" type="stmt"/>
        <line num="43" count="15" type="stmt"/>
        <line num="44" count="15" type="stmt"/>
        <line num="46" count="15" type="stmt"/>
      </file>
      <file name="Scouting.tsx" path="/home/srobot/dev/esports-manager/crates/esm-ui/src/components/Scouting.tsx">
        <metrics statements="9" coveredstatements="7" conditionals="18" coveredconditionals="13" methods="6" coveredmethods="4"/>
        <line num="19" count="2" type="stmt"/>
        <line num="28" count="15" type="stmt"/>
        <line num="33" count="45" type="cond" truecount="2" falsecount="0"/>
        <line num="41" count="45" type="stmt"/>
        <line num="52" count="6" type="stmt"/>
        <line num="97" count="15" type="cond" truecount="2" falsecount="0"/>
        <line num="103" count="15" type="stmt"/>
        <line num="109" count="0" type="stmt"/>
        <line num="112" count="0" type="stmt"/>
      </file>
      <file name="Settings.tsx" path="/home/srobot/dev/esports-manager/crates/esm-ui/src/components/Settings.tsx">
        <metrics statements="14" coveredstatements="7" conditionals="4" coveredconditionals="2" methods="8" coveredmethods="4"/>
        <line num="10" count="19" type="stmt"/>
        <line num="11" count="19" type="stmt"/>
        <line num="13" count="19" type="stmt"/>
        <line num="35" count="1" type="stmt"/>
        <line num="36" count="1" type="stmt"/>
        <line num="39" count="0" type="stmt"/>
        <line num="40" count="0" type="stmt"/>
        <line num="83" count="14" type="stmt"/>
        <line num="91" count="1" type="stmt"/>
        <line num="95" count="0" type="stmt"/>
        <line num="140" count="0" type="stmt"/>
        <line num="142" count="0" type="stmt"/>
        <line num="145" count="0" type="stmt"/>
        <line num="146" count="0" type="stmt"/>
      </file>
      <file name="Sidebar.tsx" path="/home/srobot/dev/esports-manager/crates/esm-ui/src/components/Sidebar.tsx">
        <metrics statements="20" coveredstatements="1" conditionals="28" coveredconditionals="0" methods="11" coveredmethods="0"/>
        <line num="28" count="1" type="stmt"/>
        <line num="62" count="0" type="stmt"/>
        <line num="64" count="0" type="stmt"/>
        <line num="91" count="0" type="stmt"/>
        <line num="98" count="0" type="stmt"/>
        <line num="101" count="0" type="stmt"/>
        <line num="111" count="0" type="stmt"/>
        <line num="121" count="0" type="stmt"/>
        <line num="122" count="0" type="stmt"/>
        <line num="125" count="0" type="stmt"/>
        <line num="135" count="0" type="cond" truecount="0" falsecount="2"/>
        <line num="136" count="0" type="stmt"/>
        <line num="137" count="0" type="stmt"/>
        <line num="141" count="0" type="cond" truecount="0" falsecount="2"/>
        <line num="142" count="0" type="stmt"/>
        <line num="143" count="0" type="stmt"/>
        <line num="167" count="0" type="stmt"/>
        <line num="168" count="0" type="stmt"/>
        <line num="171" count="0" type="stmt"/>
        <line num="172" count="0" type="stmt"/>
      </file>
      <file name="Staff.tsx" path="/home/srobot/dev/esports-manager/crates/esm-ui/src/components/Staff.tsx">
        <metrics statements="3" coveredstatements="3" conditionals="10" coveredconditionals="7" methods="2" coveredmethods="2"/>
        <line num="15" count="5" type="stmt"/>
        <line num="35" count="16" type="cond" truecount="2" falsecount="0"/>
        <line num="43" count="16" type="stmt"/>
      </file>
      <file name="Standings.tsx" path="/home/srobot/dev/esports-manager/crates/esm-ui/src/components/Standings.tsx">
        <metrics statements="8" coveredstatements="6" conditionals="14" coveredconditionals="13" methods="4" coveredmethods="2"/>
        <line num="18" count="7" type="stmt"/>
        <line num="84" count="36" type="stmt"/>
        <line num="85" count="36" type="cond" truecount="2" falsecount="0"/>
        <line num="87" count="36" type="cond" truecount="2" falsecount="0"/>
        <line num="92" count="36" type="cond" truecount="2" falsecount="0"/>
        <line num="96" count="36" type="stmt"/>
        <line num="104" count="0" type="stmt"/>
        <line num="108" count="0" type="stmt"/>
      </file>
      <file name="TeamSelection.tsx" path="/home/srobot/dev/esports-manager/crates/esm-ui/src/components/TeamSelection.tsx">
        <metrics statements="12" coveredstatements="10" conditionals="28" coveredconditionals="27" methods="6" coveredmethods="5"/>
        <line num="18" count="13" type="stmt"/>
        <line num="20" count="13" type="stmt"/>
        <line num="21" count="1" type="cond" truecount="1" falsecount="1"/>
        <line num="22" count="1" type="stmt"/>
        <line num="26" count="13" type="stmt"/>
        <line num="48" count="2" type="stmt"/>
        <line num="49" count="2" type="stmt"/>
        <line num="52" count="0" type="stmt"/>
        <line num="53" count="0" type="stmt"/>
        <line num="83" count="42" type="stmt"/>
        <line num="84" count="42" type="stmt"/>
        <line num="88" count="2" type="stmt"/>
      </file>
      <file name="TopBar.tsx" path="/home/srobot/dev/esports-manager/crates/esm-ui/src/components/TopBar.tsx">
        <metrics statements="12" coveredstatements="6" conditionals="19" coveredconditionals="14" methods="5" coveredmethods="2"/>
        <line num="4" count="2" type="stmt"/>
        <line num="34" count="9" type="stmt"/>
        <line num="35" count="9" type="stmt"/>
        <line num="37" count="9" type="stmt"/>
        <line num="96" count="1" type="stmt"/>
        <line num="97" count="1" type="stmt"/>
        <line num="100" count="0" type="stmt"/>
        <line num="101" count="0" type="stmt"/>
        <line num="119" count="0" type="stmt"/>
        <line num="120" count="0" type="stmt"/>
        <line num="123" count="0" type="stmt"/>
        <line num="124" count="0" type="stmt"/>
      </file>
      <file name="TournamentEnd.tsx" path="/home/srobot/dev/esports-manager/crates/esm-ui/src/components/TournamentEnd.tsx">
        <metrics statements="9" coveredstatements="9" conditionals="16" coveredconditionals="10" methods="4" coveredmethods="4"/>
        <line num="12" count="2" type="cond" truecount="1" falsecount="1"/>
        <line num="14" count="2" type="stmt"/>
        <line num="15" count="8" type="cond" truecount="4" falsecount="0"/>
        <line num="17" count="2" type="stmt"/>
        <line num="19" count="2" type="stmt"/>
        <line num="21" count="2" type="stmt"/>
        <line num="23" count="2" type="stmt"/>
        <line num="27" count="2" type="stmt"/>
        <line num="55" count="8" type="stmt"/>
      </file>
    </package>
    <package name="src.lib">
      <metrics statements="250" coveredstatements="60" conditionals="42" coveredconditionals="9" methods="53" coveredmethods="16"/>
      <file name="theme-context.ts" path="/home/srobot/dev/esports-manager/crates/esm-ui/src/lib/theme-context.ts">
        <metrics statements="1" coveredstatements="1" conditionals="0" coveredconditionals="0" methods="0" coveredmethods="0"/>
        <line num="10" count="16" type="stmt"/>
      </file>
      <file name="theme.tsx" path="/home/srobot/dev/esports-manager/crates/esm-ui/src/lib/theme.tsx">
        <metrics statements="10" coveredstatements="8" conditionals="6" coveredconditionals="3" methods="5" coveredmethods="3"/>
        <line num="5" count="107" type="stmt"/>
        <line num="6" count="107" type="cond" truecount="1" falsecount="1"/>
        <line num="7" count="107" type="cond" truecount="2" falsecount="0"/>
        <line num="9" count="0" type="stmt"/>
        <line num="12" count="107" type="stmt"/>
        <line num="13" count="107" type="stmt"/>
        <line num="14" count="107" type="stmt"/>
        <line num="17" count="107" type="stmt"/>
        <line num="18" count="0" type="cond" truecount="0" falsecount="2"/>
        <line num="21" count="107" type="stmt"/>
      </file>
      <file name="use-api.ts" path="/home/srobot/dev/esports-manager/crates/esm-ui/src/lib/use-api.ts">
        <metrics statements="235" coveredstatements="48" conditionals="34" coveredconditionals="5" methods="47" coveredmethods="12"/>
        <line num="9" count="1" type="cond" truecount="2" falsecount="0"/>
        <line num="15" count="1" type="stmt"/>
        <line num="20" count="1" type="stmt"/>
        <line num="29" count="1" type="stmt"/>
        <line num="41" count="1" type="stmt"/>
        <line num="42" count="1" type="stmt"/>
        <line num="43" count="1" type="stmt"/>
        <line num="67" count="0" type="stmt"/>
        <line num="68" count="0" type="stmt"/>
        <line num="86" count="1" type="stmt"/>
        <line num="88" count="9" type="stmt"/>
        <line num="89" count="9" type="stmt"/>
        <line num="93" count="0" type="stmt"/>
        <line num="94" count="0" type="stmt"/>
        <line num="97" count="0" type="stmt"/>
        <line num="98" count="0" type="stmt"/>
        <line num="99" count="0" type="cond" truecount="0" falsecount="2"/>
        <line num="103" count="0" type="stmt"/>
        <line num="104" count="0" type="stmt"/>
        <line num="108" count="0" type="stmt"/>
        <line num="111" count="0" type="stmt"/>
        <line num="112" count="0" type="stmt"/>
        <line num="113" count="0" type="cond" truecount="0" falsecount="2"/>
        <line num="114" count="0" type="stmt"/>
        <line num="115" count="0" type="stmt"/>
        <line num="117" count="0" type="stmt"/>
        <line num="120" count="0" type="stmt"/>
        <line num="121" count="0" type="stmt"/>
        <line num="130" count="0" type="stmt"/>
        <line num="131" count="0" type="stmt"/>
        <line num="138" count="0" type="stmt"/>
        <line num="139" count="0" type="stmt"/>
        <line num="142" count="0" type="stmt"/>
        <line num="145" count="0" type="stmt"/>
        <line num="146" count="0" type="stmt"/>
        <line num="155" count="0" type="stmt"/>
        <line num="156" count="0" type="stmt"/>
        <line num="163" count="0" type="stmt"/>
        <line num="166" count="0" type="stmt"/>
        <line num="167" count="0" type="stmt"/>
        <line num="172" count="9" type="stmt"/>
        <line num="175" count="1" type="stmt"/>
        <line num="178" count="9" type="cond" truecount="2" falsecount="0"/>
        <line num="179" count="1" type="cond" truecount="1" falsecount="1"/>
        <line num="181" count="9" type="stmt"/>
        <line num="189" count="29" type="stmt"/>
        <line num="190" count="29" type="stmt"/>
        <line num="191" count="29" type="stmt"/>
        <line num="193" count="29" type="stmt"/>
        <line num="194" count="9" type="stmt"/>
        <line num="195" count="9" type="stmt"/>
        <line num="196" count="9" type="stmt"/>
        <line num="197" count="9" type="stmt"/>
        <line num="198" count="9" type="stmt"/>
        <line num="199" count="9" type="stmt"/>
        <line num="201" count="0" type="cond" truecount="0" falsecount="2"/>
        <line num="203" count="9" type="stmt"/>
        <line num="207" count="29" type="stmt"/>
        <line num="208" count="7" type="stmt"/>
        <line num="211" count="29" type="stmt"/>
        <line num="215" count="29" type="stmt"/>
        <line num="217" count="29" type="stmt"/>
        <line num="218" count="0" type="stmt"/>
        <line num="219" count="0" type="stmt"/>
        <line num="220" count="0" type="stmt"/>
        <line num="221" count="0" type="stmt"/>
        <line num="223" count="0" type="stmt"/>
        <line num="227" count="29" type="stmt"/>
        <line num="231" count="29" type="stmt"/>
        <line num="232" count="29" type="stmt"/>
        <line num="234" count="29" type="stmt"/>
        <line num="235" count="0" type="stmt"/>
        <line num="236" count="0" type="stmt"/>
        <line num="237" count="0" type="stmt"/>
        <line num="238" count="0" type="stmt"/>
        <line num="239" count="0" type="stmt"/>
        <line num="241" count="0" type="cond" truecount="0" falsecount="2"/>
        <line num="242" count="0" type="stmt"/>
        <line num="244" count="0" type="stmt"/>
        <line num="248" count="29" type="stmt"/>
        <line num="252" count="29" type="stmt"/>
        <line num="253" count="29" type="stmt"/>
        <line num="255" count="29" type="stmt"/>
        <line num="256" count="0" type="stmt"/>
        <line num="257" count="0" type="stmt"/>
        <line num="258" count="0" type="stmt"/>
        <line num="259" count="0" type="stmt"/>
        <line num="260" count="0" type="stmt"/>
        <line num="262" count="0" type="cond" truecount="0" falsecount="2"/>
        <line num="263" count="0" type="stmt"/>
        <line num="264" count="0" type="stmt"/>
        <line num="265" count="0" type="stmt"/>
        <line num="267" count="0" type="stmt"/>
        <line num="271" count="29" type="stmt"/>
        <line num="275" count="29" type="stmt"/>
        <line num="276" count="29" type="stmt"/>
        <line num="278" count="29" type="stmt"/>
        <line num="279" count="0" type="stmt"/>
        <line num="280" count="0" type="stmt"/>
        <line num="281" count="0" type="stmt"/>
        <line num="282" count="0" type="stmt"/>
        <line num="283" count="0" type="stmt"/>
        <line num="284" count="0" type="stmt"/>
        <line num="286" count="0" type="cond" truecount="0" falsecount="2"/>
        <line num="287" count="0" type="stmt"/>
        <line num="288" count="0" type="stmt"/>
        <line num="289" count="0" type="stmt"/>
        <line num="291" count="0" type="stmt"/>
        <line num="295" count="29" type="stmt"/>
        <line num="299" count="29" type="stmt"/>
        <line num="300" count="29" type="stmt"/>
        <line num="302" count="29" type="stmt"/>
        <line num="303" count="0" type="stmt"/>
        <line num="304" count="0" type="stmt"/>
        <line num="305" count="0" type="stmt"/>
        <line num="306" count="0" type="stmt"/>
        <line num="307" count="0" type="stmt"/>
        <line num="309" count="0" type="cond" truecount="0" falsecount="2"/>
        <line num="310" count="0" type="stmt"/>
        <line num="311" count="0" type="stmt"/>
        <line num="312" count="0" type="stmt"/>
        <line num="314" count="0" type="stmt"/>
        <line num="318" count="29" type="stmt"/>
        <line num="322" count="0" type="stmt"/>
        <line num="323" count="0" type="stmt"/>
        <line num="324" count="0" type="stmt"/>
        <line num="326" count="0" type="stmt"/>
        <line num="327" count="0" type="stmt"/>
        <line num="328" count="0" type="stmt"/>
        <line num="329" count="0" type="stmt"/>
        <line num="330" count="0" type="stmt"/>
        <line num="331" count="0" type="stmt"/>
        <line num="332" count="0" type="stmt"/>
        <line num="333" count="0" type="stmt"/>
        <line num="335" count="0" type="cond" truecount="0" falsecount="2"/>
        <line num="336" count="0" type="stmt"/>
        <line num="338" count="0" type="stmt"/>
        <line num="342" count="0" type="stmt"/>
        <line num="346" count="0" type="stmt"/>
        <line num="347" count="0" type="stmt"/>
        <line num="348" count="0" type="stmt"/>
        <line num="350" count="0" type="stmt"/>
        <line num="351" count="0" type="stmt"/>
        <line num="352" count="0" type="stmt"/>
        <line num="353" count="0" type="stmt"/>
        <line num="354" count="0" type="stmt"/>
        <line num="355" count="0" type="stmt"/>
        <line num="356" count="0" type="stmt"/>
        <line num="357" count="0" type="stmt"/>
        <line num="359" count="0" type="cond" truecount="0" falsecount="2"/>
        <line num="360" count="0" type="stmt"/>
        <line num="361" count="0" type="stmt"/>
        <line num="362" count="0" type="stmt"/>
        <line num="364" count="0" type="stmt"/>
        <line num="368" count="0" type="stmt"/>
        <line num="372" count="0" type="stmt"/>
        <line num="373" count="0" type="stmt"/>
        <line num="374" count="0" type="stmt"/>
        <line num="376" count="0" type="stmt"/>
        <line num="377" count="0" type="stmt"/>
        <line num="378" count="0" type="stmt"/>
        <line num="379" count="0" type="stmt"/>
        <line num="380" count="0" type="stmt"/>
        <line num="381" count="0" type="stmt"/>
        <line num="382" count="0" type="stmt"/>
        <line num="383" count="0" type="stmt"/>
        <line num="385" count="0" type="cond" truecount="0" falsecount="2"/>
        <line num="386" count="0" type="stmt"/>
        <line num="387" count="0" type="stmt"/>
        <line num="388" count="0" type="stmt"/>
        <line num="390" count="0" type="stmt"/>
        <line num="394" count="0" type="stmt"/>
        <line num="398" count="0" type="stmt"/>
        <line num="399" count="0" type="stmt"/>
        <line num="400" count="0" type="stmt"/>
        <line num="402" count="0" type="stmt"/>
        <line num="403" count="0" type="stmt"/>
        <line num="404" count="0" type="stmt"/>
        <line num="405" count="0" type="stmt"/>
        <line num="406" count="0" type="stmt"/>
        <line num="407" count="0" type="stmt"/>
        <line num="408" count="0" type="stmt"/>
        <line num="409" count="0" type="stmt"/>
        <line num="411" count="0" type="cond" truecount="0" falsecount="2"/>
        <line num="412" count="0" type="stmt"/>
        <line num="413" count="0" type="stmt"/>
        <line num="414" count="0" type="stmt"/>
        <line num="416" count="0" type="stmt"/>
        <line num="420" count="0" type="stmt"/>
        <line num="424" count="0" type="stmt"/>
        <line num="425" count="0" type="stmt"/>
        <line num="426" count="0" type="stmt"/>
        <line num="428" count="0" type="stmt"/>
        <line num="429" count="0" type="stmt"/>
        <line num="430" count="0" type="stmt"/>
        <line num="431" count="0" type="stmt"/>
        <line num="432" count="0" type="stmt"/>
        <line num="433" count="0" type="stmt"/>
        <line num="434" count="0" type="stmt"/>
        <line num="435" count="0" type="stmt"/>
        <line num="437" count="0" type="cond" truecount="0" falsecount="2"/>
        <line num="438" count="0" type="stmt"/>
        <line num="439" count="0" type="stmt"/>
        <line num="440" count="0" type="stmt"/>
        <line num="442" count="0" type="stmt"/>
        <line num="446" count="0" type="stmt"/>
        <line num="450" count="0" type="stmt"/>
        <line num="451" count="0" type="stmt"/>
        <line num="453" count="0" type="stmt"/>
        <line num="454" count="0" type="stmt"/>
        <line num="455" count="0" type="stmt"/>
        <line num="456" count="0" type="stmt"/>
        <line num="457" count="0" type="stmt"/>
        <line num="458" count="0" type="stmt"/>
        <line num="459" count="0" type="stmt"/>
        <line num="461" count="0" type="cond" truecount="0" falsecount="2"/>
        <line num="462" count="0" type="stmt"/>
        <line num="463" count="0" type="stmt"/>
        <line num="464" count="0" type="stmt"/>
        <line num="466" count="0" type="stmt"/>
        <line num="470" count="0" type="stmt"/>
        <line num="474" count="0" type="stmt"/>
        <line num="475" count="0" type="stmt"/>
        <line num="477" count="0" type="stmt"/>
        <line num="478" count="0" type="stmt"/>
        <line num="479" count="0" type="stmt"/>
        <line num="480" count="0" type="stmt"/>
        <line num="481" count="0" type="stmt"/>
        <line num="482" count="0" type="stmt"/>
        <line num="484" count="0" type="cond" truecount="0" falsecount="2"/>
        <line num="485" count="0" type="stmt"/>
        <line num="486" count="0" type="stmt"/>
        <line num="487" count="0" type="stmt"/>
        <line num="489" count="0" type="stmt"/>
        <line num="493" count="0" type="stmt"/>
      </file>
      <file name="use-theme.ts" path="/home/srobot/dev/esports-manager/crates/esm-ui/src/lib/use-theme.ts">
        <metrics statements="4" coveredstatements="3" conditionals="2" coveredconditionals="1" methods="1" coveredmethods="1"/>
        <line num="5" count="45" type="stmt"/>
        <line num="6" count="45" type="cond" truecount="1" falsecount="1"/>
        <line num="7" count="0" type="stmt"/>
        <line num="9" count="45" type="stmt"/>
      </file>
    </package>
    <package name="src.test">
      <metrics statements="2" coveredstatements="2" conditionals="0" coveredconditionals="0" methods="2" coveredmethods="2"/>
      <file name="render.tsx" path="/home/srobot/dev/esports-manager/crates/esm-ui/src/test/render.tsx">
        <metrics statements="2" coveredstatements="2" conditionals="0" coveredconditionals="0" methods="2" coveredmethods="2"/>
        <line num="6" count="107" type="stmt"/>
        <line num="13" count="107" type="stmt"/>
      </file>
    </package>
  </project>
</coverage>
