{"/home/srobot/dev/esports-manager/crates/esm-ui/src/App.tsx": {"path":"/home/srobot/dev/esports-manager/crates/esm-ui/src/App.tsx","statementMap":{"0":{"start":{"line":23,"column":40},"end":{"line":30,"column":null}},"1":{"start":{"line":33,"column":17},"end":{"line":33,"column":62}},"2":{"start":{"line":34,"column":19},"end":{"line":34,"column":65}},"3":{"start":{"line":35,"column":22},"end":{"line":35,"column":78}},"4":{"start":{"line":36,"column":19},"end":{"line":36,"column":63}},"5":{"start":{"line":37,"column":19},"end":{"line":37,"column":63}},"6":{"start":{"line":40,"column":49},"end":{"line":40,"column":80}},"7":{"start":{"line":41,"column":10},"end":{"line":41,"column":40}},"8":{"start":{"line":42,"column":10},"end":{"line":42,"column":36}},"9":{"start":{"line":43,"column":10},"end":{"line":43,"column":37}},"10":{"start":{"line":44,"column":10},"end":{"line":44,"column":36}},"11":{"start":{"line":45,"column":10},"end":{"line":45,"column":42}},"12":{"start":{"line":47,"column":8},"end":{"line":55,"column":null}},"13":{"start":{"line":48,"column":4},"end":{"line":50,"column":null}},"14":{"start":{"line":50,"column":6},"end":{"line":50,"column":null}},"15":{"start":{"line":52,"column":4},"end":{"line":53,"column":null}},"16":{"start":{"line":53,"column":6},"end":{"line":53,"column":null}},"17":{"start":{"line":55,"column":4},"end":{"line":55,"column":null}},"18":{"start":{"line":58,"column":8},"end":{"line":58,"column":47}},"19":{"start":{"line":58,"column":25},"end":{"line":58,"column":47}},"20":{"start":{"line":60,"column":8},"end":{"line":62,"column":null}},"21":{"start":{"line":61,"column":4},"end":{"line":61,"column":null}},"22":{"start":{"line":61,"column":14},"end":{"line":61,"column":null}},"23":{"start":{"line":62,"column":4},"end":{"line":62,"column":null}},"24":{"start":{"line":65,"column":8},"end":{"line":67,"column":null}},"25":{"start":{"line":66,"column":4},"end":{"line":66,"column":null}},"26":{"start":{"line":67,"column":4},"end":{"line":67,"column":null}},"27":{"start":{"line":70,"column":29},"end":{"line":94,"column":null}},"28":{"start":{"line":71,"column":4},"end":{"line":71,"column":null}},"29":{"start":{"line":71,"column":22},"end":{"line":71,"column":null}},"30":{"start":{"line":72,"column":4},"end":{"line":72,"column":null}},"31":{"start":{"line":73,"column":17},"end":{"line":73,"column":null}},"32":{"start":{"line":74,"column":4},"end":{"line":94,"column":null}},"33":{"start":{"line":75,"column":19},"end":{"line":84,"column":8}},"34":{"start":{"line":85,"column":6},"end":{"line":87,"column":null}},"35":{"start":{"line":86,"column":8},"end":{"line":86,"column":null}},"36":{"start":{"line":87,"column":8},"end":{"line":87,"column":null}},"37":{"start":{"line":89,"column":6},"end":{"line":89,"column":null}},"38":{"start":{"line":90,"column":6},"end":{"line":90,"column":null}},"39":{"start":{"line":92,"column":18},"end":{"line":92,"column":60}},"40":{"start":{"line":93,"column":6},"end":{"line":93,"column":null}},"41":{"start":{"line":94,"column":6},"end":{"line":94,"column":null}},"42":{"start":{"line":98,"column":25},"end":{"line":102,"column":null}},"43":{"start":{"line":99,"column":17},"end":{"line":99,"column":37}},"44":{"start":{"line":100,"column":4},"end":{"line":102,"column":null}},"45":{"start":{"line":101,"column":6},"end":{"line":101,"column":null}},"46":{"start":{"line":102,"column":6},"end":{"line":102,"column":null}},"47":{"start":{"line":106,"column":21},"end":{"line":113,"column":null}},"48":{"start":{"line":107,"column":4},"end":{"line":109,"column":null}},"49":{"start":{"line":108,"column":6},"end":{"line":108,"column":null}},"50":{"start":{"line":109,"column":6},"end":{"line":109,"column":null}},"51":{"start":{"line":111,"column":15},"end":{"line":111,"column":39}},"52":{"start":{"line":112,"column":4},"end":{"line":113,"column":null}},"53":{"start":{"line":113,"column":6},"end":{"line":113,"column":null}},"54":{"start":{"line":117,"column":25},"end":{"line":120,"column":null}},"55":{"start":{"line":118,"column":17},"end":{"line":118,"column":36}},"56":{"start":{"line":119,"column":4},"end":{"line":120,"column":null}},"57":{"start":{"line":120,"column":6},"end":{"line":120,"column":null}},"58":{"start":{"line":124,"column":27},"end":{"line":126,"column":null}},"59":{"start":{"line":125,"column":4},"end":{"line":125,"column":null}},"60":{"start":{"line":126,"column":4},"end":{"line":126,"column":null}},"61":{"start":{"line":129,"column":2},"end":{"line":186,"column":null}},"62":{"start":{"line":131,"column":6},"end":{"line":131,"column":null}},"63":{"start":{"line":133,"column":6},"end":{"line":137,"column":null}},"64":{"start":{"line":140,"column":6},"end":{"line":157,"column":null}},"65":{"start":{"line":148,"column":30},"end":{"line":148,"column":47}},"66":{"start":{"line":154,"column":26},"end":{"line":154,"column":47}},"67":{"start":{"line":160,"column":6},"end":{"line":167,"column":null}},"68":{"start":{"line":170,"column":6},"end":{"line":170,"column":null}},"69":{"start":{"line":172,"column":6},"end":{"line":183,"column":null}},"70":{"start":{"line":186,"column":6},"end":{"line":186,"column":null}}},"fnMap":{"0":{"name":"App","decl":{"start":{"line":32,"column":9},"end":{"line":32,"column":15}},"loc":{"start":{"line":32,"column":15},"end":{"line":186,"column":null}},"line":32},"1":{"name":"(anonymous_1)","decl":{"start":{"line":47,"column":8},"end":{"line":47,"column":30}},"loc":{"start":{"line":47,"column":53},"end":{"line":55,"column":null}},"line":47},"2":{"name":"(anonymous_2)","decl":{"start":{"line":58,"column":8},"end":{"line":58,"column":25}},"loc":{"start":{"line":58,"column":25},"end":{"line":58,"column":47}},"line":58},"3":{"name":"(anonymous_3)","decl":{"start":{"line":60,"column":8},"end":{"line":60,"column":23}},"loc":{"start":{"line":60,"column":50},"end":{"line":62,"column":null}},"line":60},"4":{"name":"(anonymous_4)","decl":{"start":{"line":65,"column":8},"end":{"line":65,"column":32}},"loc":{"start":{"line":65,"column":58},"end":{"line":67,"column":null}},"line":65},"5":{"name":"(anonymous_5)","decl":{"start":{"line":70,"column":29},"end":{"line":70,"column":36}},"loc":{"start":{"line":70,"column":58},"end":{"line":94,"column":null}},"line":70},"6":{"name":"(anonymous_6)","decl":{"start":{"line":98,"column":25},"end":{"line":98,"column":32}},"loc":{"start":{"line":98,"column":49},"end":{"line":102,"column":null}},"line":98},"7":{"name":"(anonymous_7)","decl":{"start":{"line":106,"column":21},"end":{"line":106,"column":33}},"loc":{"start":{"line":106,"column":33},"end":{"line":113,"column":null}},"line":106},"8":{"name":"(anonymous_8)","decl":{"start":{"line":117,"column":25},"end":{"line":117,"column":37}},"loc":{"start":{"line":117,"column":37},"end":{"line":120,"column":null}},"line":117},"9":{"name":"(anonymous_9)","decl":{"start":{"line":124,"column":27},"end":{"line":124,"column":34}},"loc":{"start":{"line":124,"column":51},"end":{"line":126,"column":null}},"line":124},"10":{"name":"(anonymous_10)","decl":{"start":{"line":148,"column":15},"end":{"line":148,"column":30}},"loc":{"start":{"line":148,"column":30},"end":{"line":148,"column":47}},"line":148},"11":{"name":"(anonymous_11)","decl":{"start":{"line":154,"column":12},"end":{"line":154,"column":26}},"loc":{"start":{"line":154,"column":26},"end":{"line":154,"column":47}},"line":154}},"branchMap":{"0":{"loc":{"start":{"line":48,"column":4},"end":{"line":50,"column":null}},"type":"if","locations":[{"start":{"line":48,"column":4},"end":{"line":50,"column":null}},{"start":{},"end":{}}],"line":48},"1":{"loc":{"start":{"line":52,"column":4},"end":{"line":53,"column":null}},"type":"if","locations":[{"start":{"line":52,"column":4},"end":{"line":53,"column":null}},{"start":{},"end":{}}],"line":52},"2":{"loc":{"start":{"line":61,"column":4},"end":{"line":61,"column":null}},"type":"if","locations":[{"start":{"line":61,"column":4},"end":{"line":61,"column":null}},{"start":{},"end":{}}],"line":61},"3":{"loc":{"start":{"line":71,"column":4},"end":{"line":71,"column":null}},"type":"if","locations":[{"start":{"line":71,"column":4},"end":{"line":71,"column":null}},{"start":{},"end":{}}],"line":71},"4":{"loc":{"start":{"line":85,"column":6},"end":{"line":87,"column":null}},"type":"if","locations":[{"start":{"line":85,"column":6},"end":{"line":87,"column":null}},{"start":{},"end":{}}],"line":85},"5":{"loc":{"start":{"line":92,"column":18},"end":{"line":92,"column":60}},"type":"cond-expr","locations":[{"start":{"line":92,"column":39},"end":{"line":92,"column":51}},{"start":{"line":92,"column":51},"end":{"line":92,"column":60}}],"line":92},"6":{"loc":{"start":{"line":100,"column":4},"end":{"line":102,"column":null}},"type":"if","locations":[{"start":{"line":100,"column":4},"end":{"line":102,"column":null}},{"start":{},"end":{}}],"line":100},"7":{"loc":{"start":{"line":107,"column":4},"end":{"line":109,"column":null}},"type":"if","locations":[{"start":{"line":107,"column":4},"end":{"line":109,"column":null}},{"start":{},"end":{}}],"line":107},"8":{"loc":{"start":{"line":112,"column":4},"end":{"line":113,"column":null}},"type":"if","locations":[{"start":{"line":112,"column":4},"end":{"line":113,"column":null}},{"start":{},"end":{}}],"line":112},"9":{"loc":{"start":{"line":119,"column":4},"end":{"line":120,"column":null}},"type":"if","locations":[{"start":{"line":119,"column":4},"end":{"line":120,"column":null}},{"start":{},"end":{}}],"line":119},"10":{"loc":{"start":{"line":129,"column":2},"end":{"line":186,"column":null}},"type":"switch","locations":[{"start":{"line":130,"column":4},"end":{"line":131,"column":null}},{"start":{"line":132,"column":4},"end":{"line":137,"column":null}},{"start":{"line":139,"column":4},"end":{"line":157,"column":null}},{"start":{"line":159,"column":4},"end":{"line":167,"column":null}},{"start":{"line":169,"column":4},"end":{"line":170,"column":null}},{"start":{"line":171,"column":4},"end":{"line":183,"column":null}},{"start":{"line":185,"column":4},"end":{"line":186,"column":null}}],"line":129},"11":{"loc":{"start":{"line":142,"column":11},"end":{"line":152,"column":11}},"type":"binary-expr","locations":[{"start":{"line":142,"column":11},"end":{"line":142,"column":null}},{"start":{"line":143,"column":12},"end":{"line":152,"column":11}}],"line":142}},"s":{"0":1,"1":29,"2":29,"3":29,"4":29,"5":29,"6":29,"7":29,"8":29,"9":29,"10":29,"11":29,"12":29,"13":6,"14":0,"15":6,"16":2,"17":6,"18":29,"19":2,"20":29,"21":0,"22":0,"23":0,"24":29,"25":2,"26":2,"27":29,"28":0,"29":0,"30":0,"31":0,"32":0,"33":0,"34":0,"35":0,"36":0,"37":0,"38":0,"39":0,"40":0,"41":0,"42":29,"43":0,"44":0,"45":0,"46":0,"47":29,"48":0,"49":0,"50":0,"51":0,"52":0,"53":0,"54":29,"55":0,"56":0,"57":0,"58":29,"59":0,"60":0,"61":29,"62":11,"63":11,"64":2,"65":0,"66":1,"67":5,"68":0,"69":0,"70":0},"f":{"0":29,"1":6,"2":2,"3":0,"4":2,"5":0,"6":0,"7":0,"8":0,"9":0,"10":0,"11":1},"b":{"0":[0,6],"1":[2,4],"2":[0,0],"3":[0,0],"4":[0,0],"5":[0,0],"6":[0,0],"7":[0,0],"8":[0,0],"9":[0,0],"10":[11,11,2,5,0,0,0],"11":[2,0]},"meta":{"lastBranch":12,"lastFunction":12,"lastStatement":71,"seen":{"s:23:40:30:Infinity":0,"f:32:9:32:15":0,"s:33:17:33:62":1,"s:34:19:34:65":2,"s:35:22:35:78":3,"s:36:19:36:63":4,"s:37:19:37:63":5,"s:40:49:40:80":6,"s:41:10:41:40":7,"s:42:10:42:36":8,"s:43:10:43:37":9,"s:44:10:44:36":10,"s:45:10:45:42":11,"s:47:8:55:Infinity":12,"f:47:8:47:30":1,"b:48:4:50:Infinity:undefined:undefined:undefined:undefined":0,"s:48:4:50:Infinity":13,"s:50:6:50:Infinity":14,"b:52:4:53:Infinity:undefined:undefined:undefined:undefined":1,"s:52:4:53:Infinity":15,"s:53:6:53:Infinity":16,"s:55:4:55:Infinity":17,"s:58:8:58:47":18,"f:58:8:58:25":2,"s:58:25:58:47":19,"s:60:8:62:Infinity":20,"f:60:8:60:23":3,"b:61:4:61:Infinity:undefined:undefined:undefined:undefined":2,"s:61:4:61:Infinity":21,"s:61:14:61:Infinity":22,"s:62:4:62:Infinity":23,"s:65:8:67:Infinity":24,"f:65:8:65:32":4,"s:66:4:66:Infinity":25,"s:67:4:67:Infinity":26,"s:70:29:94:Infinity":27,"f:70:29:70:36":5,"b:71:4:71:Infinity:undefined:undefined:undefined:undefined":3,"s:71:4:71:Infinity":28,"s:71:22:71:Infinity":29,"s:72:4:72:Infinity":30,"s:73:17:73:Infinity":31,"s:74:4:94:Infinity":32,"s:75:19:84:8":33,"b:85:6:87:Infinity:undefined:undefined:undefined:undefined":4,"s:85:6:87:Infinity":34,"s:86:8:86:Infinity":35,"s:87:8:87:Infinity":36,"s:89:6:89:Infinity":37,"s:90:6:90:Infinity":38,"s:92:18:92:60":39,"b:92:39:92:51:92:51:92:60":5,"s:93:6:93:Infinity":40,"s:94:6:94:Infinity":41,"s:98:25:102:Infinity":42,"f:98:25:98:32":6,"s:99:17:99:37":43,"b:100:4:102:Infinity:undefined:undefined:undefined:undefined":6,"s:100:4:102:Infinity":44,"s:101:6:101:Infinity":45,"s:102:6:102:Infinity":46,"s:106:21:113:Infinity":47,"f:106:21:106:33":7,"b:107:4:109:Infinity:undefined:undefined:undefined:undefined":7,"s:107:4:109:Infinity":48,"s:108:6:108:Infinity":49,"s:109:6:109:Infinity":50,"s:111:15:111:39":51,"b:112:4:113:Infinity:undefined:undefined:undefined:undefined":8,"s:112:4:113:Infinity":52,"s:113:6:113:Infinity":53,"s:117:25:120:Infinity":54,"f:117:25:117:37":8,"s:118:17:118:36":55,"b:119:4:120:Infinity:undefined:undefined:undefined:undefined":9,"s:119:4:120:Infinity":56,"s:120:6:120:Infinity":57,"s:124:27:126:Infinity":58,"f:124:27:124:34":9,"s:125:4:125:Infinity":59,"s:126:4:126:Infinity":60,"b:130:4:131:Infinity:132:4:137:Infinity:139:4:157:Infinity:159:4:167:Infinity:169:4:170:Infinity:171:4:183:Infinity:185:4:186:Infinity":10,"s:129:2:186:Infinity":61,"s:131:6:131:Infinity":62,"s:133:6:137:Infinity":63,"s:140:6:157:Infinity":64,"b:142:11:142:Infinity:143:12:152:11":11,"f:148:15:148:30":10,"s:148:30:148:47":65,"f:154:12:154:26":11,"s:154:26:154:47":66,"s:160:6:167:Infinity":67,"s:170:6:170:Infinity":68,"s:172:6:183:Infinity":69,"s:186:6:186:Infinity":70}}}
,"/home/srobot/dev/esports-manager/crates/esm-ui/src/components/Dashboard.tsx": {"path":"/home/srobot/dev/esports-manager/crates/esm-ui/src/components/Dashboard.tsx","statementMap":{"0":{"start":{"line":12,"column":2},"end":{"line":38,"column":null}},"1":{"start":{"line":45,"column":2},"end":{"line":92,"column":null}},"2":{"start":{"line":110,"column":2},"end":{"line":145,"column":null}},"3":{"start":{"line":115,"column":8},"end":{"line":115,"column":null}},"4":{"start":{"line":118,"column":8},"end":{"line":118,"column":null}},"5":{"start":{"line":155,"column":8},"end":{"line":161,"column":49}},"6":{"start":{"line":161,"column":17},"end":{"line":161,"column":49}},"7":{"start":{"line":163,"column":2},"end":{"line":210,"column":null}},"8":{"start":{"line":208,"column":12},"end":{"line":208,"column":null}},"9":{"start":{"line":236,"column":2},"end":{"line":277,"column":null}}},"fnMap":{"0":{"name":"StatCard","decl":{"start":{"line":11,"column":9},"end":{"line":11,"column":18}},"loc":{"start":{"line":11,"column":79},"end":{"line":38,"column":null}},"line":11},"1":{"name":"UpcomingMatch","decl":{"start":{"line":44,"column":9},"end":{"line":44,"column":25}},"loc":{"start":{"line":44,"column":25},"end":{"line":92,"column":null}},"line":44},"2":{"name":"PlayerRow","decl":{"start":{"line":99,"column":9},"end":{"line":99,"column":19}},"loc":{"start":{"line":109,"column":3},"end":{"line":145,"column":null}},"line":109},"3":{"name":"(anonymous_3)","decl":{"start":{"line":114,"column":6},"end":{"line":114,"column":21}},"loc":{"start":{"line":114,"column":27},"end":{"line":115,"column":null}},"line":114},"4":{"name":"(anonymous_4)","decl":{"start":{"line":117,"column":6},"end":{"line":117,"column":21}},"loc":{"start":{"line":117,"column":27},"end":{"line":118,"column":null}},"line":117},"5":{"name":"RosterPreview","decl":{"start":{"line":154,"column":9},"end":{"line":154,"column":23}},"loc":{"start":{"line":154,"column":69},"end":{"line":210,"column":null}},"line":154},"6":{"name":"(anonymous_6)","decl":{"start":{"line":161,"column":5},"end":{"line":161,"column":10}},"loc":{"start":{"line":161,"column":17},"end":{"line":161,"column":49}},"line":161},"7":{"name":"(anonymous_7)","decl":{"start":{"line":207,"column":19},"end":{"line":207,"column":24}},"loc":{"start":{"line":208,"column":12},"end":{"line":208,"column":null}},"line":208},"8":{"name":"Dashboard","decl":{"start":{"line":227,"column":16},"end":{"line":227,"column":26}},"loc":{"start":{"line":235,"column":19},"end":{"line":277,"column":null}},"line":235}},"branchMap":{"0":{"loc":{"start":{"line":27,"column":30},"end":{"line":27,"column":66}},"type":"binary-expr","locations":[{"start":{"line":27,"column":30},"end":{"line":27,"column":45}},{"start":{"line":27,"column":45},"end":{"line":27,"column":66}}],"line":27},"1":{"loc":{"start":{"line":35,"column":7},"end":{"line":38,"column":null}},"type":"binary-expr","locations":[{"start":{"line":35,"column":7},"end":{"line":35,"column":null}},{"start":{"line":36,"column":8},"end":{"line":38,"column":null}}],"line":35},"2":{"loc":{"start":{"line":142,"column":30},"end":{"line":142,"column":88}},"type":"cond-expr","locations":[{"start":{"line":142,"column":46},"end":{"line":142,"column":67}},{"start":{"line":142,"column":67},"end":{"line":142,"column":88}}],"line":142},"3":{"loc":{"start":{"line":155,"column":19},"end":{"line":161,"column":5}},"type":"binary-expr","locations":[{"start":{"line":155,"column":19},"end":{"line":155,"column":34}},{"start":{"line":155,"column":34},"end":{"line":161,"column":5}}],"line":155},"4":{"loc":{"start":{"line":228,"column":2},"end":{"line":228,"column":null}},"type":"default-arg","locations":[{"start":{"line":228,"column":11},"end":{"line":228,"column":null}}],"line":228},"5":{"loc":{"start":{"line":229,"column":2},"end":{"line":229,"column":null}},"type":"default-arg","locations":[{"start":{"line":229,"column":13},"end":{"line":229,"column":null}}],"line":229},"6":{"loc":{"start":{"line":230,"column":2},"end":{"line":230,"column":null}},"type":"default-arg","locations":[{"start":{"line":230,"column":14},"end":{"line":230,"column":null}}],"line":230},"7":{"loc":{"start":{"line":231,"column":2},"end":{"line":231,"column":null}},"type":"default-arg","locations":[{"start":{"line":231,"column":11},"end":{"line":231,"column":null}}],"line":231},"8":{"loc":{"start":{"line":232,"column":2},"end":{"line":232,"column":null}},"type":"default-arg","locations":[{"start":{"line":232,"column":15},"end":{"line":232,"column":null}}],"line":232},"9":{"loc":{"start":{"line":233,"column":2},"end":{"line":233,"column":null}},"type":"default-arg","locations":[{"start":{"line":233,"column":16},"end":{"line":233,"column":null}}],"line":233}},"s":{"0":28,"1":7,"2":35,"3":0,"4":0,"5":7,"6":35,"7":7,"8":35,"9":7},"f":{"0":28,"1":7,"2":35,"3":0,"4":0,"5":7,"6":35,"7":35,"8":7},"b":{"0":[28,0],"1":[28,28],"2":[0,35],"3":[7,7],"4":[7],"5":[7],"6":[7],"7":[7],"8":[7],"9":[7]},"meta":{"lastBranch":10,"lastFunction":9,"lastStatement":10,"seen":{"f:11:9:11:18":0,"s:12:2:38:Infinity":0,"b:27:30:27:45:27:45:27:66":0,"b:35:7:35:Infinity:36:8:38:Infinity":1,"f:44:9:44:25":1,"s:45:2:92:Infinity":1,"f:99:9:99:19":2,"s:110:2:145:Infinity":2,"f:114:6:114:21":3,"s:115:8:115:Infinity":3,"f:117:6:117:21":4,"s:118:8:118:Infinity":4,"b:142:46:142:67:142:67:142:88":2,"f:154:9:154:23":5,"s:155:8:161:49":5,"b:155:19:155:34:155:34:161:5":3,"f:161:5:161:10":6,"s:161:17:161:49":6,"s:163:2:210:Infinity":7,"f:207:19:207:24":7,"s:208:12:208:Infinity":8,"f:227:16:227:26":8,"b:228:11:228:Infinity":4,"b:229:13:229:Infinity":5,"b:230:14:230:Infinity":6,"b:231:11:231:Infinity":7,"b:232:15:232:Infinity":8,"b:233:16:233:Infinity":9,"s:236:2:277:Infinity":9}}}
,"/home/srobot/dev/esports-manager/crates/esm-ui/src/components/DraftUI.tsx": {"path":"/home/srobot/dev/esports-manager/crates/esm-ui/src/components/DraftUI.tsx","statementMap":{"0":{"start":{"line":5,"column":22},"end":{"line":5,"column":54}},"1":{"start":{"line":7,"column":4},"end":{"line":43,"column":null}},"2":{"start":{"line":13,"column":39},"end":{"line":13,"column":59}},"3":{"start":{"line":20,"column":39},"end":{"line":20,"column":60}}},"fnMap":{"0":{"name":"DraftUI","decl":{"start":{"line":4,"column":16},"end":{"line":4,"column":26}},"loc":{"start":{"line":4,"column":26},"end":{"line":43,"column":null}},"line":4},"1":{"name":"(anonymous_1)","decl":{"start":{"line":13,"column":24},"end":{"line":13,"column":39}},"loc":{"start":{"line":13,"column":39},"end":{"line":13,"column":59}},"line":13},"2":{"name":"(anonymous_2)","decl":{"start":{"line":20,"column":24},"end":{"line":20,"column":39}},"loc":{"start":{"line":20,"column":39},"end":{"line":20,"column":60}},"line":20}},"branchMap":{"0":{"loc":{"start":{"line":14,"column":83},"end":{"line":14,"column":null}},"type":"cond-expr","locations":[{"start":{"line":14,"column":106},"end":{"line":14,"column":137}},{"start":{"line":14,"column":137},"end":{"line":14,"column":null}}],"line":14},"1":{"loc":{"start":{"line":15,"column":40},"end":{"line":15,"column":97}},"type":"cond-expr","locations":[{"start":{"line":15,"column":63},"end":{"line":15,"column":72}},{"start":{"line":15,"column":72},"end":{"line":15,"column":97}}],"line":15},"2":{"loc":{"start":{"line":21,"column":83},"end":{"line":21,"column":null}},"type":"cond-expr","locations":[{"start":{"line":21,"column":107},"end":{"line":21,"column":138}},{"start":{"line":21,"column":138},"end":{"line":21,"column":null}}],"line":21},"3":{"loc":{"start":{"line":22,"column":40},"end":{"line":22,"column":98}},"type":"cond-expr","locations":[{"start":{"line":22,"column":64},"end":{"line":22,"column":73}},{"start":{"line":22,"column":73},"end":{"line":22,"column":98}}],"line":22}},"s":{"0":0,"1":0,"2":0,"3":0},"f":{"0":0,"1":0,"2":0},"b":{"0":[0,0],"1":[0,0],"2":[0,0],"3":[0,0]},"meta":{"lastBranch":4,"lastFunction":3,"lastStatement":4,"seen":{"f:4:16:4:26":0,"s:5:22:5:54":0,"s:7:4:43:Infinity":1,"f:13:24:13:39":1,"s:13:39:13:59":2,"b:14:106:14:137:14:137:14:Infinity":0,"b:15:63:15:72:15:72:15:97":1,"f:20:24:20:39":2,"s:20:39:20:60":3,"b:21:107:21:138:21:138:21:Infinity":2,"b:22:64:22:73:22:73:22:98":3}}}
,"/home/srobot/dev/esports-manager/crates/esm-ui/src/components/Finances.tsx": {"path":"/home/srobot/dev/esports-manager/crates/esm-ui/src/components/Finances.tsx","statementMap":{"0":{"start":{"line":19,"column":2},"end":{"line":19,"column":null}},"1":{"start":{"line":33,"column":2},"end":{"line":55,"column":null}},"2":{"start":{"line":61,"column":2},"end":{"line":201,"column":null}},"3":{"start":{"line":144,"column":35},"end":{"line":144,"column":null}},"4":{"start":{"line":145,"column":34},"end":{"line":147,"column":null}},"5":{"start":{"line":148,"column":36},"end":{"line":150,"column":null}},"6":{"start":{"line":152,"column":16},"end":{"line":196,"column":null}},"7":{"start":{"line":160,"column":22},"end":{"line":161,"column":null}},"8":{"start":{"line":164,"column":22},"end":{"line":164,"column":null}}},"fnMap":{"0":{"name":"formatCurrency","decl":{"start":{"line":18,"column":9},"end":{"line":18,"column":24}},"loc":{"start":{"line":18,"column":47},"end":{"line":19,"column":null}},"line":18},"1":{"name":"SummaryCard","decl":{"start":{"line":22,"column":9},"end":{"line":22,"column":21}},"loc":{"start":{"line":32,"column":3},"end":{"line":55,"column":null}},"line":32},"2":{"name":"Finances","decl":{"start":{"line":60,"column":16},"end":{"line":60,"column":25}},"loc":{"start":{"line":60,"column":85},"end":{"line":201,"column":null}},"line":60},"3":{"name":"(anonymous_3)","decl":{"start":{"line":143,"column":28},"end":{"line":143,"column":33}},"loc":{"start":{"line":143,"column":40},"end":{"line":198,"column":null}},"line":143},"4":{"name":"(anonymous_4)","decl":{"start":{"line":159,"column":20},"end":{"line":159,"column":35}},"loc":{"start":{"line":159,"column":41},"end":{"line":161,"column":null}},"line":159},"5":{"name":"(anonymous_5)","decl":{"start":{"line":163,"column":20},"end":{"line":163,"column":35}},"loc":{"start":{"line":163,"column":41},"end":{"line":164,"column":null}},"line":163}},"branchMap":{"0":{"loc":{"start":{"line":93,"column":7},"end":{"line":96,"column":null}},"type":"binary-expr","locations":[{"start":{"line":93,"column":7},"end":{"line":93,"column":null}},{"start":{"line":94,"column":8},"end":{"line":96,"column":null}}],"line":93},"1":{"loc":{"start":{"line":100,"column":7},"end":{"line":201,"column":null}},"type":"binary-expr","locations":[{"start":{"line":100,"column":7},"end":{"line":100,"column":null}},{"start":{"line":101,"column":8},"end":{"line":201,"column":null}}],"line":100},"2":{"loc":{"start":{"line":145,"column":34},"end":{"line":147,"column":null}},"type":"cond-expr","locations":[{"start":{"line":146,"column":20},"end":{"line":146,"column":null}},{"start":{"line":147,"column":20},"end":{"line":147,"column":null}}],"line":145},"3":{"loc":{"start":{"line":148,"column":36},"end":{"line":150,"column":null}},"type":"cond-expr","locations":[{"start":{"line":149,"column":20},"end":{"line":149,"column":null}},{"start":{"line":150,"column":20},"end":{"line":150,"column":null}}],"line":148}},"s":{"0":45,"1":21,"2":7,"3":24,"4":24,"5":24,"6":24,"7":0,"8":0},"f":{"0":45,"1":21,"2":7,"3":24,"4":0,"5":0},"b":{"0":[7,1],"1":[7,6],"2":[12,12],"3":[12,12]},"meta":{"lastBranch":4,"lastFunction":6,"lastStatement":9,"seen":{"f:18:9:18:24":0,"s:19:2:19:Infinity":0,"f:22:9:22:21":1,"s:33:2:55:Infinity":1,"f:60:16:60:25":2,"s:61:2:201:Infinity":2,"b:93:7:93:Infinity:94:8:96:Infinity":0,"b:100:7:100:Infinity:101:8:201:Infinity":1,"f:143:28:143:33":3,"s:144:35:144:Infinity":3,"s:145:34:147:Infinity":4,"b:146:20:146:Infinity:147:20:147:Infinity":2,"s:148:36:150:Infinity":5,"b:149:20:149:Infinity:150:20:150:Infinity":3,"s:152:16:196:Infinity":6,"f:159:20:159:35":4,"s:160:22:161:Infinity":7,"f:163:20:163:35":5,"s:164:22:164:Infinity":8}}}
,"/home/srobot/dev/esports-manager/crates/esm-ui/src/components/GameShell.tsx": {"path":"/home/srobot/dev/esports-manager/crates/esm-ui/src/components/GameShell.tsx","statementMap":{"0":{"start":{"line":21,"column":43},"end":{"line":34,"column":null}},"1":{"start":{"line":37,"column":47},"end":{"line":41,"column":null}},"2":{"start":{"line":44,"column":41},"end":{"line":49,"column":null}},"3":{"start":{"line":52,"column":48},"end":{"line":57,"column":null}},"4":{"start":{"line":85,"column":21},"end":{"line":85,"column":59}},"5":{"start":{"line":86,"column":18},"end":{"line":86,"column":45}},"6":{"start":{"line":87,"column":35},"end":{"line":87,"column":60}},"7":{"start":{"line":88,"column":21},"end":{"line":88,"column":54}},"8":{"start":{"line":89,"column":20},"end":{"line":89,"column":51}},"9":{"start":{"line":90,"column":10},"end":{"line":90,"column":41}},"10":{"start":{"line":91,"column":38},"end":{"line":91,"column":75}},"11":{"start":{"line":92,"column":25},"end":{"line":92,"column":75}},"12":{"start":{"line":95,"column":2},"end":{"line":100,"column":null}},"13":{"start":{"line":96,"column":4},"end":{"line":96,"column":null}},"14":{"start":{"line":97,"column":4},"end":{"line":97,"column":null}},"15":{"start":{"line":98,"column":4},"end":{"line":98,"column":null}},"16":{"start":{"line":99,"column":4},"end":{"line":99,"column":null}},"17":{"start":{"line":103,"column":8},"end":{"line":111,"column":78}},"18":{"start":{"line":104,"column":4},"end":{"line":109,"column":null}},"19":{"start":{"line":105,"column":6},"end":{"line":105,"column":null}},"20":{"start":{"line":106,"column":6},"end":{"line":106,"column":null}},"21":{"start":{"line":107,"column":6},"end":{"line":107,"column":null}},"22":{"start":{"line":108,"column":6},"end":{"line":108,"column":null}},"23":{"start":{"line":109,"column":6},"end":{"line":109,"column":null}},"24":{"start":{"line":113,"column":8},"end":{"line":115,"column":8}},"25":{"start":{"line":114,"column":4},"end":{"line":114,"column":null}},"26":{"start":{"line":117,"column":8},"end":{"line":124,"column":56}},"27":{"start":{"line":118,"column":17},"end":{"line":118,"column":42}},"28":{"start":{"line":119,"column":4},"end":{"line":122,"column":null}},"29":{"start":{"line":120,"column":6},"end":{"line":120,"column":null}},"30":{"start":{"line":121,"column":6},"end":{"line":121,"column":null}},"31":{"start":{"line":122,"column":6},"end":{"line":122,"column":null}},"32":{"start":{"line":126,"column":31},"end":{"line":135,"column":null}},"33":{"start":{"line":127,"column":4},"end":{"line":127,"column":null}},"34":{"start":{"line":128,"column":15},"end":{"line":128,"column":32}},"35":{"start":{"line":129,"column":4},"end":{"line":129,"column":null}},"36":{"start":{"line":130,"column":4},"end":{"line":135,"column":null}},"37":{"start":{"line":131,"column":6},"end":{"line":135,"column":null}},"38":{"start":{"line":132,"column":8},"end":{"line":132,"column":null}},"39":{"start":{"line":133,"column":8},"end":{"line":133,"column":null}},"40":{"start":{"line":135,"column":8},"end":{"line":135,"column":null}},"41":{"start":{"line":141,"column":24},"end":{"line":151,"column":5}},"42":{"start":{"line":141,"column":43},"end":{"line":151,"column":5}},"43":{"start":{"line":154,"column":22},"end":{"line":161,"column":5}},"44":{"start":{"line":154,"column":48},"end":{"line":161,"column":5}},"45":{"start":{"line":163,"column":8},"end":{"line":273,"column":null}},"46":{"start":{"line":164,"column":4},"end":{"line":273,"column":null}},"47":{"start":{"line":166,"column":8},"end":{"line":174,"column":null}},"48":{"start":{"line":169,"column":51},"end":{"line":169,"column":75}},"49":{"start":{"line":170,"column":53},"end":{"line":173,"column":null}},"50":{"start":{"line":177,"column":8},"end":{"line":177,"column":null}},"51":{"start":{"line":179,"column":8},"end":{"line":196,"column":null}},"52":{"start":{"line":181,"column":42},"end":{"line":195,"column":15}},"53":{"start":{"line":199,"column":8},"end":{"line":210,"column":null}},"54":{"start":{"line":201,"column":43},"end":{"line":209,"column":15}},"55":{"start":{"line":213,"column":8},"end":{"line":213,"column":null}},"56":{"start":{"line":215,"column":8},"end":{"line":215,"column":null}},"57":{"start":{"line":217,"column":8},"end":{"line":217,"column":null}},"58":{"start":{"line":219,"column":8},"end":{"line":219,"column":null}},"59":{"start":{"line":221,"column":8},"end":{"line":237,"column":null}},"60":{"start":{"line":224,"column":29},"end":{"line":224,"column":47}},"61":{"start":{"line":225,"column":27},"end":{"line":236,"column":17}},"62":{"start":{"line":240,"column":8},"end":{"line":246,"column":null}},"63":{"start":{"line":245,"column":28},"end":{"line":245,"column":null}},"64":{"start":{"line":249,"column":23},"end":{"line":250,"column":null}},"65":{"start":{"line":250,"column":11},"end":{"line":250,"column":null}},"66":{"start":{"line":252,"column":8},"end":{"line":259,"column":null}},"67":{"start":{"line":258,"column":27},"end":{"line":258,"column":null}},"68":{"start":{"line":263,"column":8},"end":{"line":263,"column":null}},"69":{"start":{"line":265,"column":8},"end":{"line":273,"column":null}},"70":{"start":{"line":278,"column":2},"end":{"line":299,"column":null}}},"fnMap":{"0":{"name":"GameShell","decl":{"start":{"line":74,"column":16},"end":{"line":74,"column":26}},"loc":{"start":{"line":84,"column":19},"end":{"line":299,"column":null}},"line":84},"1":{"name":"(anonymous_1)","decl":{"start":{"line":95,"column":2},"end":{"line":95,"column":18}},"loc":{"start":{"line":95,"column":18},"end":{"line":100,"column":6}},"line":95},"2":{"name":"(anonymous_2)","decl":{"start":{"line":103,"column":37},"end":{"line":103,"column":49}},"loc":{"start":{"line":103,"column":49},"end":{"line":111,"column":6}},"line":103},"3":{"name":"(anonymous_3)","decl":{"start":{"line":113,"column":26},"end":{"line":113,"column":44}},"loc":{"start":{"line":113,"column":44},"end":{"line":115,"column":7}},"line":113},"4":{"name":"(anonymous_4)","decl":{"start":{"line":117,"column":37},"end":{"line":117,"column":49}},"loc":{"start":{"line":117,"column":49},"end":{"line":124,"column":6}},"line":117},"5":{"name":"(anonymous_5)","decl":{"start":{"line":126,"column":31},"end":{"line":126,"column":38}},"loc":{"start":{"line":126,"column":70},"end":{"line":135,"column":null}},"line":126},"6":{"name":"(anonymous_6)","decl":{"start":{"line":141,"column":31},"end":{"line":141,"column":36}},"loc":{"start":{"line":141,"column":43},"end":{"line":151,"column":5}},"line":141},"7":{"name":"(anonymous_7)","decl":{"start":{"line":154,"column":36},"end":{"line":154,"column":41}},"loc":{"start":{"line":154,"column":48},"end":{"line":161,"column":5}},"line":154},"8":{"name":"(anonymous_8)","decl":{"start":{"line":163,"column":8},"end":{"line":163,"column":27}},"loc":{"start":{"line":163,"column":27},"end":{"line":273,"column":null}},"line":163},"9":{"name":"(anonymous_9)","decl":{"start":{"line":169,"column":37},"end":{"line":169,"column":45}},"loc":{"start":{"line":169,"column":51},"end":{"line":169,"column":75}},"line":169},"10":{"name":"(anonymous_10)","decl":{"start":{"line":170,"column":41},"end":{"line":170,"column":46}},"loc":{"start":{"line":170,"column":53},"end":{"line":173,"column":null}},"line":170},"11":{"name":"(anonymous_11)","decl":{"start":{"line":181,"column":30},"end":{"line":181,"column":35}},"loc":{"start":{"line":181,"column":42},"end":{"line":195,"column":15}},"line":181},"12":{"name":"(anonymous_12)","decl":{"start":{"line":201,"column":31},"end":{"line":201,"column":36}},"loc":{"start":{"line":201,"column":43},"end":{"line":209,"column":15}},"line":201},"13":{"name":"(anonymous_13)","decl":{"start":{"line":224,"column":15},"end":{"line":224,"column":23}},"loc":{"start":{"line":224,"column":29},"end":{"line":224,"column":47}},"line":224},"14":{"name":"(anonymous_14)","decl":{"start":{"line":225,"column":15},"end":{"line":225,"column":20}},"loc":{"start":{"line":225,"column":27},"end":{"line":236,"column":17}},"line":225},"15":{"name":"(anonymous_15)","decl":{"start":{"line":245,"column":12},"end":{"line":245,"column":28}},"loc":{"start":{"line":245,"column":28},"end":{"line":245,"column":null}},"line":245},"16":{"name":"(anonymous_16)","decl":{"start":{"line":249,"column":32},"end":{"line":249,"column":null}},"loc":{"start":{"line":250,"column":11},"end":{"line":250,"column":null}},"line":250},"17":{"name":"(anonymous_17)","decl":{"start":{"line":258,"column":12},"end":{"line":258,"column":27}},"loc":{"start":{"line":258,"column":27},"end":{"line":258,"column":null}},"line":258}},"branchMap":{"0":{"loc":{"start":{"line":75,"column":2},"end":{"line":75,"column":null}},"type":"default-arg","locations":[{"start":{"line":75,"column":13},"end":{"line":75,"column":null}}],"line":75},"1":{"loc":{"start":{"line":76,"column":2},"end":{"line":76,"column":null}},"type":"default-arg","locations":[{"start":{"line":76,"column":9},"end":{"line":76,"column":null}}],"line":76},"2":{"loc":{"start":{"line":77,"column":2},"end":{"line":77,"column":null}},"type":"default-arg","locations":[{"start":{"line":77,"column":10},"end":{"line":77,"column":null}}],"line":77},"3":{"loc":{"start":{"line":78,"column":2},"end":{"line":78,"column":null}},"type":"default-arg","locations":[{"start":{"line":78,"column":8},"end":{"line":78,"column":null}}],"line":78},"4":{"loc":{"start":{"line":79,"column":2},"end":{"line":79,"column":null}},"type":"default-arg","locations":[{"start":{"line":79,"column":10},"end":{"line":79,"column":null}}],"line":79},"5":{"loc":{"start":{"line":80,"column":2},"end":{"line":80,"column":null}},"type":"default-arg","locations":[{"start":{"line":80,"column":15},"end":{"line":80,"column":null}}],"line":80},"6":{"loc":{"start":{"line":104,"column":4},"end":{"line":109,"column":null}},"type":"if","locations":[{"start":{"line":104,"column":4},"end":{"line":109,"column":null}},{"start":{},"end":{}}],"line":104},"7":{"loc":{"start":{"line":119,"column":4},"end":{"line":122,"column":null}},"type":"if","locations":[{"start":{"line":119,"column":4},"end":{"line":122,"column":null}},{"start":{},"end":{}}],"line":119},"8":{"loc":{"start":{"line":130,"column":4},"end":{"line":135,"column":null}},"type":"if","locations":[{"start":{"line":130,"column":4},"end":{"line":135,"column":null}},{"start":{},"end":{}}],"line":130},"9":{"loc":{"start":{"line":131,"column":6},"end":{"line":135,"column":null}},"type":"if","locations":[{"start":{"line":131,"column":6},"end":{"line":135,"column":null}},{"start":{"line":134,"column":13},"end":{"line":135,"column":null}}],"line":131},"10":{"loc":{"start":{"line":164,"column":4},"end":{"line":273,"column":null}},"type":"switch","locations":[{"start":{"line":165,"column":6},"end":{"line":174,"column":null}},{"start":{"line":176,"column":6},"end":{"line":177,"column":null}},{"start":{"line":178,"column":6},"end":{"line":196,"column":null}},{"start":{"line":198,"column":6},"end":{"line":210,"column":null}},{"start":{"line":212,"column":6},"end":{"line":213,"column":null}},{"start":{"line":214,"column":6},"end":{"line":215,"column":null}},{"start":{"line":216,"column":6},"end":{"line":217,"column":null}},{"start":{"line":218,"column":6},"end":{"line":219,"column":null}},{"start":{"line":220,"column":6},"end":{"line":237,"column":null}},{"start":{"line":239,"column":6},"end":{"line":246,"column":null}},{"start":{"line":248,"column":6},"end":{"line":259,"column":null}},{"start":{"line":262,"column":6},"end":{"line":263,"column":null}},{"start":{"line":264,"column":6},"end":{"line":273,"column":null}}],"line":164},"11":{"loc":{"start":{"line":186,"column":21},"end":{"line":186,"column":null}},"type":"binary-expr","locations":[{"start":{"line":186,"column":21},"end":{"line":186,"column":30}},{"start":{"line":186,"column":30},"end":{"line":186,"column":null}}],"line":186},"12":{"loc":{"start":{"line":187,"column":20},"end":{"line":187,"column":null}},"type":"binary-expr","locations":[{"start":{"line":187,"column":20},"end":{"line":187,"column":28}},{"start":{"line":187,"column":28},"end":{"line":187,"column":null}}],"line":187},"13":{"loc":{"start":{"line":189,"column":22},"end":{"line":194,"column":null}},"type":"cond-expr","locations":[{"start":{"line":190,"column":18},"end":{"line":193,"column":null}},{"start":{"line":194,"column":18},"end":{"line":194,"column":null}}],"line":189},"14":{"loc":{"start":{"line":191,"column":28},"end":{"line":191,"column":null}},"type":"cond-expr","locations":[{"start":{"line":191,"column":55},"end":{"line":191,"column":59}},{"start":{"line":191,"column":59},"end":{"line":191,"column":null}}],"line":191},"15":{"loc":{"start":{"line":192,"column":28},"end":{"line":192,"column":null}},"type":"cond-expr","locations":[{"start":{"line":192,"column":54},"end":{"line":192,"column":58}},{"start":{"line":192,"column":58},"end":{"line":192,"column":null}}],"line":192},"16":{"loc":{"start":{"line":229,"column":26},"end":{"line":229,"column":null}},"type":"cond-expr","locations":[{"start":{"line":229,"column":53},"end":{"line":229,"column":57}},{"start":{"line":229,"column":57},"end":{"line":229,"column":null}}],"line":229},"17":{"loc":{"start":{"line":230,"column":26},"end":{"line":230,"column":null}},"type":"cond-expr","locations":[{"start":{"line":230,"column":52},"end":{"line":230,"column":56}},{"start":{"line":230,"column":56},"end":{"line":230,"column":null}}],"line":230},"18":{"loc":{"start":{"line":232,"column":23},"end":{"line":232,"column":null}},"type":"binary-expr","locations":[{"start":{"line":232,"column":23},"end":{"line":232,"column":32}},{"start":{"line":232,"column":32},"end":{"line":232,"column":null}}],"line":232},"19":{"loc":{"start":{"line":233,"column":22},"end":{"line":233,"column":null}},"type":"binary-expr","locations":[{"start":{"line":233,"column":22},"end":{"line":233,"column":30}},{"start":{"line":233,"column":30},"end":{"line":233,"column":null}}],"line":233},"20":{"loc":{"start":{"line":250,"column":11},"end":{"line":250,"column":null}},"type":"binary-expr","locations":[{"start":{"line":250,"column":18},"end":{"line":250,"column":46}},{"start":{"line":250,"column":46},"end":{"line":250,"column":74}},{"start":{"line":250,"column":74},"end":{"line":250,"column":null}}],"line":250},"21":{"loc":{"start":{"line":254,"column":19},"end":{"line":254,"column":null}},"type":"cond-expr","locations":[{"start":{"line":254,"column":28},"end":{"line":254,"column":115}},{"start":{"line":254,"column":115},"end":{"line":254,"column":null}}],"line":254},"22":{"loc":{"start":{"line":286,"column":17},"end":{"line":286,"column":null}},"type":"binary-expr","locations":[{"start":{"line":286,"column":17},"end":{"line":286,"column":43}},{"start":{"line":286,"column":43},"end":{"line":286,"column":null}}],"line":286}},"s":{"0":1,"1":1,"2":1,"3":1,"4":0,"5":0,"6":0,"7":0,"8":0,"9":0,"10":0,"11":0,"12":0,"13":0,"14":0,"15":0,"16":0,"17":0,"18":0,"19":0,"20":0,"21":0,"22":0,"23":0,"24":0,"25":0,"26":0,"27":0,"28":0,"29":0,"30":0,"31":0,"32":0,"33":0,"34":0,"35":0,"36":0,"37":0,"38":0,"39":0,"40":0,"41":0,"42":0,"43":0,"44":0,"45":0,"46":0,"47":0,"48":0,"49":0,"50":0,"51":0,"52":0,"53":0,"54":0,"55":0,"56":0,"57":0,"58":0,"59":0,"60":0,"61":0,"62":0,"63":0,"64":0,"65":0,"66":0,"67":0,"68":0,"69":0,"70":0},"f":{"0":0,"1":0,"2":0,"3":0,"4":0,"5":0,"6":0,"7":0,"8":0,"9":0,"10":0,"11":0,"12":0,"13":0,"14":0,"15":0,"16":0,"17":0},"b":{"0":[0],"1":[0],"2":[0],"3":[0],"4":[0],"5":[0],"6":[0,0],"7":[0,0],"8":[0,0],"9":[0,0],"10":[0,0,0,0,0,0,0,0,0,0,0,0,0],"11":[0,0],"12":[0,0],"13":[0,0],"14":[0,0],"15":[0,0],"16":[0,0],"17":[0,0],"18":[0,0],"19":[0,0],"20":[0,0,0],"21":[0,0],"22":[0,0]},"meta":{"lastBranch":23,"lastFunction":18,"lastStatement":71,"seen":{"s:21:43:34:Infinity":0,"s:37:47:41:Infinity":1,"s:44:41:49:Infinity":2,"s:52:48:57:Infinity":3,"f:74:16:74:26":0,"b:75:13:75:Infinity":0,"b:76:9:76:Infinity":1,"b:77:10:77:Infinity":2,"b:78:8:78:Infinity":3,"b:79:10:79:Infinity":4,"b:80:15:80:Infinity":5,"s:85:21:85:59":4,"s:86:18:86:45":5,"s:87:35:87:60":6,"s:88:21:88:54":7,"s:89:20:89:51":8,"s:90:10:90:41":9,"s:91:38:91:75":10,"s:92:25:92:75":11,"s:95:2:100:Infinity":12,"f:95:2:95:18":1,"s:96:4:96:Infinity":13,"s:97:4:97:Infinity":14,"s:98:4:98:Infinity":15,"s:99:4:99:Infinity":16,"s:103:8:111:78":17,"f:103:37:103:49":2,"b:104:4:109:Infinity:undefined:undefined:undefined:undefined":6,"s:104:4:109:Infinity":18,"s:105:6:105:Infinity":19,"s:106:6:106:Infinity":20,"s:107:6:107:Infinity":21,"s:108:6:108:Infinity":22,"s:109:6:109:Infinity":23,"s:113:8:115:8":24,"f:113:26:113:44":3,"s:114:4:114:Infinity":25,"s:117:8:124:56":26,"f:117:37:117:49":4,"s:118:17:118:42":27,"b:119:4:122:Infinity:undefined:undefined:undefined:undefined":7,"s:119:4:122:Infinity":28,"s:120:6:120:Infinity":29,"s:121:6:121:Infinity":30,"s:122:6:122:Infinity":31,"s:126:31:135:Infinity":32,"f:126:31:126:38":5,"s:127:4:127:Infinity":33,"s:128:15:128:32":34,"s:129:4:129:Infinity":35,"b:130:4:135:Infinity:undefined:undefined:undefined:undefined":8,"s:130:4:135:Infinity":36,"b:131:6:135:Infinity:134:13:135:Infinity":9,"s:131:6:135:Infinity":37,"s:132:8:132:Infinity":38,"s:133:8:133:Infinity":39,"s:135:8:135:Infinity":40,"s:141:24:151:5":41,"f:141:31:141:36":6,"s:141:43:151:5":42,"s:154:22:161:5":43,"f:154:36:154:41":7,"s:154:48:161:5":44,"s:163:8:273:Infinity":45,"f:163:8:163:27":8,"b:165:6:174:Infinity:176:6:177:Infinity:178:6:196:Infinity:198:6:210:Infinity:212:6:213:Infinity:214:6:215:Infinity:216:6:217:Infinity:218:6:219:Infinity:220:6:237:Infinity:239:6:246:Infinity:248:6:259:Infinity:262:6:263:Infinity:264:6:273:Infinity":10,"s:164:4:273:Infinity":46,"s:166:8:174:Infinity":47,"f:169:37:169:45":9,"s:169:51:169:75":48,"f:170:41:170:46":10,"s:170:53:173:Infinity":49,"s:177:8:177:Infinity":50,"s:179:8:196:Infinity":51,"f:181:30:181:35":11,"s:181:42:195:15":52,"b:186:21:186:30:186:30:186:Infinity":11,"b:187:20:187:28:187:28:187:Infinity":12,"b:190:18:193:Infinity:194:18:194:Infinity":13,"b:191:55:191:59:191:59:191:Infinity":14,"b:192:54:192:58:192:58:192:Infinity":15,"s:199:8:210:Infinity":53,"f:201:31:201:36":12,"s:201:43:209:15":54,"s:213:8:213:Infinity":55,"s:215:8:215:Infinity":56,"s:217:8:217:Infinity":57,"s:219:8:219:Infinity":58,"s:221:8:237:Infinity":59,"f:224:15:224:23":13,"s:224:29:224:47":60,"f:225:15:225:20":14,"s:225:27:236:17":61,"b:229:53:229:57:229:57:229:Infinity":16,"b:230:52:230:56:230:56:230:Infinity":17,"b:232:23:232:32:232:32:232:Infinity":18,"b:233:22:233:30:233:30:233:Infinity":19,"s:240:8:246:Infinity":62,"f:245:12:245:28":15,"s:245:28:245:Infinity":63,"s:249:23:250:Infinity":64,"f:249:32:249:Infinity":16,"s:250:11:250:Infinity":65,"b:250:18:250:46:250:46:250:74:250:74:250:Infinity":20,"s:252:8:259:Infinity":66,"b:254:28:254:115:254:115:254:Infinity":21,"f:258:12:258:27":17,"s:258:27:258:Infinity":67,"s:263:8:263:Infinity":68,"s:265:8:273:Infinity":69,"s:278:2:299:Infinity":70,"b:286:17:286:43:286:43:286:Infinity":22}}}
,"/home/srobot/dev/esports-manager/crates/esm-ui/src/components/Inbox.tsx": {"path":"/home/srobot/dev/esports-manager/crates/esm-ui/src/components/Inbox.tsx","statementMap":{"0":{"start":{"line":21,"column":4},"end":{"line":25,"column":null}},"1":{"start":{"line":28,"column":2},"end":{"line":136,"column":null}},"2":{"start":{"line":47,"column":27},"end":{"line":47,"column":null}},"3":{"start":{"line":48,"column":12},"end":{"line":133,"column":null}},"4":{"start":{"line":121,"column":35},"end":{"line":121,"column":92}}},"fnMap":{"0":{"name":"Inbox","decl":{"start":{"line":27,"column":16},"end":{"line":27,"column":22}},"loc":{"start":{"line":27,"column":82},"end":{"line":136,"column":null}},"line":27},"1":{"name":"(anonymous_1)","decl":{"start":{"line":46,"column":20},"end":{"line":46,"column":25}},"loc":{"start":{"line":46,"column":33},"end":{"line":133,"column":null}},"line":46},"2":{"name":"(anonymous_2)","decl":{"start":{"line":121,"column":20},"end":{"line":121,"column":35}},"loc":{"start":{"line":121,"column":35},"end":{"line":121,"column":92}},"line":121}},"branchMap":{"0":{"loc":{"start":{"line":37,"column":7},"end":{"line":40,"column":null}},"type":"binary-expr","locations":[{"start":{"line":37,"column":7},"end":{"line":37,"column":null}},{"start":{"line":38,"column":8},"end":{"line":40,"column":null}}],"line":37},"1":{"loc":{"start":{"line":44,"column":7},"end":{"line":136,"column":null}},"type":"binary-expr","locations":[{"start":{"line":44,"column":7},"end":{"line":44,"column":null}},{"start":{"line":45,"column":8},"end":{"line":136,"column":null}}],"line":44},"2":{"loc":{"start":{"line":47,"column":27},"end":{"line":47,"column":null}},"type":"binary-expr","locations":[{"start":{"line":47,"column":27},"end":{"line":47,"column":60}},{"start":{"line":47,"column":60},"end":{"line":47,"column":null}}],"line":47},"3":{"loc":{"start":{"line":55,"column":35},"end":{"line":57,"column":null}},"type":"cond-expr","locations":[{"start":{"line":56,"column":22},"end":{"line":56,"column":null}},{"start":{"line":57,"column":22},"end":{"line":57,"column":null}}],"line":55},"4":{"loc":{"start":{"line":58,"column":31},"end":{"line":60,"column":null}},"type":"cond-expr","locations":[{"start":{"line":59,"column":22},"end":{"line":59,"column":null}},{"start":{"line":60,"column":22},"end":{"line":60,"column":null}}],"line":58},"5":{"loc":{"start":{"line":61,"column":35},"end":{"line":61,"column":null}},"type":"cond-expr","locations":[{"start":{"line":61,"column":46},"end":{"line":61,"column":54}},{"start":{"line":61,"column":54},"end":{"line":61,"column":null}}],"line":61},"6":{"loc":{"start":{"line":65,"column":17},"end":{"line":69,"column":null}},"type":"binary-expr","locations":[{"start":{"line":65,"column":17},"end":{"line":65,"column":null}},{"start":{"line":66,"column":18},"end":{"line":69,"column":null}}],"line":65},"7":{"loc":{"start":{"line":71,"column":17},"end":{"line":71,"column":null}},"type":"binary-expr","locations":[{"start":{"line":71,"column":17},"end":{"line":71,"column":29}},{"start":{"line":71,"column":29},"end":{"line":71,"column":null}}],"line":71},"8":{"loc":{"start":{"line":80,"column":36},"end":{"line":80,"column":null}},"type":"cond-expr","locations":[{"start":{"line":80,"column":47},"end":{"line":80,"column":53}},{"start":{"line":80,"column":53},"end":{"line":80,"column":null}}],"line":80},"9":{"loc":{"start":{"line":109,"column":17},"end":{"line":115,"column":null}},"type":"binary-expr","locations":[{"start":{"line":109,"column":17},"end":{"line":109,"column":null}},{"start":{"line":110,"column":18},"end":{"line":115,"column":null}}],"line":109},"10":{"loc":{"start":{"line":119,"column":17},"end":{"line":131,"column":null}},"type":"binary-expr","locations":[{"start":{"line":119,"column":17},"end":{"line":119,"column":31}},{"start":{"line":119,"column":31},"end":{"line":119,"column":60}},{"start":{"line":119,"column":60},"end":{"line":119,"column":null}},{"start":{"line":120,"column":18},"end":{"line":131,"column":null}}],"line":119},"11":{"loc":{"start":{"line":121,"column":35},"end":{"line":121,"column":92}},"type":"binary-expr","locations":[{"start":{"line":121,"column":35},"end":{"line":121,"column":55}},{"start":{"line":121,"column":55},"end":{"line":121,"column":92}}],"line":121},"12":{"loc":{"start":{"line":127,"column":31},"end":{"line":127,"column":null}},"type":"cond-expr","locations":[{"start":{"line":127,"column":59},"end":{"line":127,"column":65}},{"start":{"line":127,"column":65},"end":{"line":127,"column":null}}],"line":127},"13":{"loc":{"start":{"line":130,"column":21},"end":{"line":130,"column":null}},"type":"cond-expr","locations":[{"start":{"line":130,"column":49},"end":{"line":130,"column":66}},{"start":{"line":130,"column":66},"end":{"line":130,"column":null}}],"line":130},"14":{"loc":{"start":{"line":130,"column":66},"end":{"line":130,"column":null}},"type":"cond-expr","locations":[{"start":{"line":130,"column":107},"end":{"line":130,"column":124}},{"start":{"line":130,"column":124},"end":{"line":130,"column":null}}],"line":130}},"s":{"0":2,"1":7,"2":18,"3":18,"4":0},"f":{"0":7,"1":18,"2":0},"b":{"0":[7,1],"1":[7,6],"2":[18,0],"3":[6,12],"4":[6,12],"5":[6,12],"6":[18,12],"7":[18,6],"8":[6,12],"9":[18,6],"10":[18,12,6,12],"11":[0,0],"12":[0,12],"13":[0,12],"14":[0,12]},"meta":{"lastBranch":15,"lastFunction":3,"lastStatement":5,"seen":{"s:21:4:25:Infinity":0,"f:27:16:27:22":0,"s:28:2:136:Infinity":1,"b:37:7:37:Infinity:38:8:40:Infinity":0,"b:44:7:44:Infinity:45:8:136:Infinity":1,"f:46:20:46:25":1,"s:47:27:47:Infinity":2,"b:47:27:47:60:47:60:47:Infinity":2,"s:48:12:133:Infinity":3,"b:56:22:56:Infinity:57:22:57:Infinity":3,"b:59:22:59:Infinity:60:22:60:Infinity":4,"b:61:46:61:54:61:54:61:Infinity":5,"b:65:17:65:Infinity:66:18:69:Infinity":6,"b:71:17:71:29:71:29:71:Infinity":7,"b:80:47:80:53:80:53:80:Infinity":8,"b:109:17:109:Infinity:110:18:115:Infinity":9,"b:119:17:119:31:119:31:119:60:119:60:119:Infinity:120:18:131:Infinity":10,"f:121:20:121:35":2,"s:121:35:121:92":4,"b:121:35:121:55:121:55:121:92":11,"b:127:59:127:65:127:65:127:Infinity":12,"b:130:49:130:66:130:66:130:Infinity":13,"b:130:107:130:124:130:124:130:Infinity":14}}}
,"/home/srobot/dev/esports-manager/crates/esm-ui/src/components/LoadGame.tsx": {"path":"/home/srobot/dev/esports-manager/crates/esm-ui/src/components/LoadGame.tsx","statementMap":{"0":{"start":{"line":23,"column":2},"end":{"line":156,"column":null}},"1":{"start":{"line":45,"column":12},"end":{"line":45,"column":null}},"2":{"start":{"line":46,"column":12},"end":{"line":46,"column":null}},"3":{"start":{"line":49,"column":12},"end":{"line":49,"column":null}},"4":{"start":{"line":50,"column":12},"end":{"line":50,"column":null}},"5":{"start":{"line":94,"column":14},"end":{"line":153,"column":null}},"6":{"start":{"line":119,"column":37},"end":{"line":119,"column":56}},"7":{"start":{"line":127,"column":24},"end":{"line":127,"column":null}},"8":{"start":{"line":128,"column":24},"end":{"line":128,"column":null}},"9":{"start":{"line":131,"column":24},"end":{"line":132,"column":null}},"10":{"start":{"line":133,"column":24},"end":{"line":133,"column":null}},"11":{"start":{"line":141,"column":35},"end":{"line":141,"column":52}}},"fnMap":{"0":{"name":"LoadGame","decl":{"start":{"line":16,"column":16},"end":{"line":16,"column":25}},"loc":{"start":{"line":22,"column":18},"end":{"line":156,"column":null}},"line":22},"1":{"name":"(anonymous_1)","decl":{"start":{"line":44,"column":10},"end":{"line":44,"column":25}},"loc":{"start":{"line":44,"column":31},"end":{"line":46,"column":null}},"line":44},"2":{"name":"(anonymous_2)","decl":{"start":{"line":48,"column":10},"end":{"line":48,"column":25}},"loc":{"start":{"line":48,"column":31},"end":{"line":50,"column":null}},"line":48},"3":{"name":"(anonymous_3)","decl":{"start":{"line":93,"column":18},"end":{"line":93,"column":23}},"loc":{"start":{"line":94,"column":14},"end":{"line":153,"column":null}},"line":94},"4":{"name":"(anonymous_4)","decl":{"start":{"line":119,"column":22},"end":{"line":119,"column":37}},"loc":{"start":{"line":119,"column":37},"end":{"line":119,"column":56}},"line":119},"5":{"name":"(anonymous_5)","decl":{"start":{"line":126,"column":22},"end":{"line":126,"column":37}},"loc":{"start":{"line":126,"column":43},"end":{"line":128,"column":null}},"line":126},"6":{"name":"(anonymous_6)","decl":{"start":{"line":130,"column":22},"end":{"line":130,"column":37}},"loc":{"start":{"line":130,"column":43},"end":{"line":133,"column":null}},"line":130},"7":{"name":"(anonymous_7)","decl":{"start":{"line":141,"column":20},"end":{"line":141,"column":35}},"loc":{"start":{"line":141,"column":35},"end":{"line":141,"column":52}},"line":141}},"branchMap":{"0":{"loc":{"start":{"line":19,"column":2},"end":{"line":19,"column":12}},"type":"default-arg","locations":[{"start":{"line":19,"column":10},"end":{"line":19,"column":12}}],"line":19},"1":{"loc":{"start":{"line":20,"column":2},"end":{"line":20,"column":null}},"type":"default-arg","locations":[{"start":{"line":20,"column":12},"end":{"line":20,"column":null}}],"line":20},"2":{"loc":{"start":{"line":67,"column":11},"end":{"line":76,"column":null}},"type":"binary-expr","locations":[{"start":{"line":67,"column":11},"end":{"line":67,"column":null}},{"start":{"line":68,"column":12},"end":{"line":76,"column":null}}],"line":67},"3":{"loc":{"start":{"line":80,"column":11},"end":{"line":88,"column":null}},"type":"binary-expr","locations":[{"start":{"line":80,"column":11},"end":{"line":80,"column":23}},{"start":{"line":80,"column":23},"end":{"line":80,"column":null}},{"start":{"line":81,"column":12},"end":{"line":88,"column":null}}],"line":80},"4":{"loc":{"start":{"line":92,"column":11},"end":{"line":153,"column":null}},"type":"binary-expr","locations":[{"start":{"line":92,"column":11},"end":{"line":92,"column":null}},{"start":{"line":93,"column":12},"end":{"line":153,"column":null}}],"line":92},"5":{"loc":{"start":{"line":117,"column":19},"end":{"line":140,"column":19}},"type":"binary-expr","locations":[{"start":{"line":117,"column":19},"end":{"line":117,"column":null}},{"start":{"line":118,"column":20},"end":{"line":140,"column":19}}],"line":117}},"s":{"0":10,"1":2,"2":2,"3":0,"4":0,"5":6,"6":0,"7":0,"8":0,"9":0,"10":0,"11":1},"f":{"0":10,"1":2,"2":0,"3":6,"4":0,"5":0,"6":0,"7":1},"b":{"0":[10],"1":[10],"2":[10,3],"3":[10,7,3],"4":[10,7],"5":[6,2]},"meta":{"lastBranch":6,"lastFunction":8,"lastStatement":12,"seen":{"f:16:16:16:25":0,"b:19:10:19:12":0,"b:20:12:20:Infinity":1,"s:23:2:156:Infinity":0,"f:44:10:44:25":1,"s:45:12:45:Infinity":1,"s:46:12:46:Infinity":2,"f:48:10:48:25":2,"s:49:12:49:Infinity":3,"s:50:12:50:Infinity":4,"b:67:11:67:Infinity:68:12:76:Infinity":2,"b:80:11:80:23:80:23:80:Infinity:81:12:88:Infinity":3,"b:92:11:92:Infinity:93:12:153:Infinity":4,"f:93:18:93:23":3,"s:94:14:153:Infinity":5,"b:117:19:117:Infinity:118:20:140:19":5,"f:119:22:119:37":4,"s:119:37:119:56":6,"f:126:22:126:37":5,"s:127:24:127:Infinity":7,"s:128:24:128:Infinity":8,"f:130:22:130:37":6,"s:131:24:132:Infinity":9,"s:133:24:133:Infinity":10,"f:141:20:141:35":7,"s:141:35:141:52":11}}}
,"/home/srobot/dev/esports-manager/crates/esm-ui/src/components/MainMenu.tsx": {"path":"/home/srobot/dev/esports-manager/crates/esm-ui/src/components/MainMenu.tsx","statementMap":{"0":{"start":{"line":18,"column":2},"end":{"line":47,"column":null}},"1":{"start":{"line":28,"column":8},"end":{"line":28,"column":null}},"2":{"start":{"line":31,"column":8},"end":{"line":31,"column":null}},"3":{"start":{"line":54,"column":17},"end":{"line":54,"column":43}},"4":{"start":{"line":56,"column":2},"end":{"line":121,"column":null}},"5":{"start":{"line":71,"column":10},"end":{"line":71,"column":null}},"6":{"start":{"line":72,"column":10},"end":{"line":72,"column":null}},"7":{"start":{"line":75,"column":10},"end":{"line":75,"column":null}},"8":{"start":{"line":76,"column":10},"end":{"line":76,"column":null}},"9":{"start":{"line":102,"column":25},"end":{"line":102,"column":null}},"10":{"start":{"line":108,"column":25},"end":{"line":108,"column":null}},"11":{"start":{"line":114,"column":25},"end":{"line":114,"column":null}},"12":{"start":{"line":120,"column":25},"end":{"line":120,"column":null}}},"fnMap":{"0":{"name":"MenuButton","decl":{"start":{"line":17,"column":9},"end":{"line":17,"column":20}},"loc":{"start":{"line":17,"column":73},"end":{"line":47,"column":null}},"line":17},"1":{"name":"(anonymous_1)","decl":{"start":{"line":27,"column":6},"end":{"line":27,"column":21}},"loc":{"start":{"line":27,"column":27},"end":{"line":28,"column":null}},"line":27},"2":{"name":"(anonymous_2)","decl":{"start":{"line":30,"column":6},"end":{"line":30,"column":21}},"loc":{"start":{"line":30,"column":27},"end":{"line":31,"column":null}},"line":30},"3":{"name":"MainMenu","decl":{"start":{"line":53,"column":16},"end":{"line":53,"column":25}},"loc":{"start":{"line":53,"column":56},"end":{"line":121,"column":null}},"line":53},"4":{"name":"(anonymous_4)","decl":{"start":{"line":70,"column":8},"end":{"line":70,"column":23}},"loc":{"start":{"line":70,"column":29},"end":{"line":72,"column":null}},"line":70},"5":{"name":"(anonymous_5)","decl":{"start":{"line":74,"column":8},"end":{"line":74,"column":23}},"loc":{"start":{"line":74,"column":29},"end":{"line":76,"column":null}},"line":74},"6":{"name":"(anonymous_6)","decl":{"start":{"line":102,"column":10},"end":{"line":102,"column":25}},"loc":{"start":{"line":102,"column":25},"end":{"line":102,"column":null}},"line":102},"7":{"name":"(anonymous_7)","decl":{"start":{"line":108,"column":10},"end":{"line":108,"column":25}},"loc":{"start":{"line":108,"column":25},"end":{"line":108,"column":null}},"line":108},"8":{"name":"(anonymous_8)","decl":{"start":{"line":114,"column":10},"end":{"line":114,"column":25}},"loc":{"start":{"line":114,"column":25},"end":{"line":114,"column":null}},"line":114},"9":{"name":"(anonymous_9)","decl":{"start":{"line":120,"column":10},"end":{"line":120,"column":25}},"loc":{"start":{"line":120,"column":25},"end":{"line":120,"column":null}},"line":120}},"branchMap":{"0":{"loc":{"start":{"line":78,"column":28},"end":{"line":78,"column":64}},"type":"cond-expr","locations":[{"start":{"line":78,"column":47},"end":{"line":78,"column":57}},{"start":{"line":78,"column":57},"end":{"line":78,"column":64}}],"line":78},"1":{"loc":{"start":{"line":80,"column":9},"end":{"line":80,"column":null}},"type":"cond-expr","locations":[{"start":{"line":80,"column":28},"end":{"line":80,"column":49}},{"start":{"line":80,"column":48},"end":{"line":80,"column":null}}],"line":80}},"s":{"0":68,"1":9,"2":0,"3":17,"4":17,"5":0,"6":0,"7":0,"8":0,"9":5,"10":3,"11":1,"12":0},"f":{"0":68,"1":9,"2":0,"3":17,"4":0,"5":0,"6":5,"7":3,"8":1,"9":0},"b":{"0":[17,0],"1":[17,0]},"meta":{"lastBranch":2,"lastFunction":10,"lastStatement":13,"seen":{"f:17:9:17:20":0,"s:18:2:47:Infinity":0,"f:27:6:27:21":1,"s:28:8:28:Infinity":1,"f:30:6:30:21":2,"s:31:8:31:Infinity":2,"f:53:16:53:25":3,"s:54:17:54:43":3,"s:56:2:121:Infinity":4,"f:70:8:70:23":4,"s:71:10:71:Infinity":5,"s:72:10:72:Infinity":6,"f:74:8:74:23":5,"s:75:10:75:Infinity":7,"s:76:10:76:Infinity":8,"b:78:47:78:57:78:57:78:64":0,"b:80:28:80:49:80:48:80:Infinity":1,"f:102:10:102:25":6,"s:102:25:102:Infinity":9,"f:108:10:108:25":7,"s:108:25:108:Infinity":10,"f:114:10:114:25":8,"s:114:25:114:Infinity":11,"f:120:10:120:25":9,"s:120:25:120:Infinity":12}}}
,"/home/srobot/dev/esports-manager/crates/esm-ui/src/components/MatchLobby.tsx": {"path":"/home/srobot/dev/esports-manager/crates/esm-ui/src/components/MatchLobby.tsx","statementMap":{"0":{"start":{"line":18,"column":4},"end":{"line":24,"column":null}},"1":{"start":{"line":19,"column":8},"end":{"line":24,"column":null}},"2":{"start":{"line":28,"column":19},"end":{"line":28,"column":null}},"3":{"start":{"line":29,"column":21},"end":{"line":29,"column":null}},"4":{"start":{"line":30,"column":17},"end":{"line":30,"column":null}},"5":{"start":{"line":32,"column":4},"end":{"line":116,"column":null}}},"fnMap":{"0":{"name":"MatchLobby","decl":{"start":{"line":17,"column":16},"end":{"line":17,"column":27}},"loc":{"start":{"line":17,"column":98},"end":{"line":116,"column":null}},"line":17}},"branchMap":{"0":{"loc":{"start":{"line":18,"column":4},"end":{"line":24,"column":null}},"type":"if","locations":[{"start":{"line":18,"column":4},"end":{"line":24,"column":null}},{"start":{},"end":{}}],"line":18},"1":{"loc":{"start":{"line":29,"column":21},"end":{"line":29,"column":null}},"type":"cond-expr","locations":[{"start":{"line":29,"column":30},"end":{"line":29,"column":47}},{"start":{"line":29,"column":47},"end":{"line":29,"column":null}}],"line":29},"2":{"loc":{"start":{"line":30,"column":17},"end":{"line":30,"column":null}},"type":"cond-expr","locations":[{"start":{"line":30,"column":26},"end":{"line":30,"column":40}},{"start":{"line":30,"column":40},"end":{"line":30,"column":null}}],"line":30},"3":{"loc":{"start":{"line":67,"column":167},"end":{"line":67,"column":208}},"type":"cond-expr","locations":[{"start":{"line":67,"column":176},"end":{"line":67,"column":189}},{"start":{"line":67,"column":189},"end":{"line":67,"column":208}}],"line":67},"4":{"loc":{"start":{"line":111,"column":97},"end":{"line":111,"column":176}},"type":"cond-expr","locations":[{"start":{"line":111,"column":110},"end":{"line":111,"column":128}},{"start":{"line":111,"column":128},"end":{"line":111,"column":176}}],"line":111}},"s":{"0":0,"1":0,"2":0,"3":0,"4":0,"5":0},"f":{"0":0},"b":{"0":[0,0],"1":[0,0],"2":[0,0],"3":[0,0],"4":[0,0]},"meta":{"lastBranch":5,"lastFunction":1,"lastStatement":6,"seen":{"f:17:16:17:27":0,"b:18:4:24:Infinity:undefined:undefined:undefined:undefined":0,"s:18:4:24:Infinity":0,"s:19:8:24:Infinity":1,"s:28:19:28:Infinity":2,"s:29:21:29:Infinity":3,"b:29:30:29:47:29:47:29:Infinity":1,"s:30:17:30:Infinity":4,"b:30:26:30:40:30:40:30:Infinity":2,"s:32:4:116:Infinity":5,"b:67:176:67:189:67:189:67:208":3,"b:111:110:111:128:111:128:111:176":4}}}
,"/home/srobot/dev/esports-manager/crates/esm-ui/src/components/NewGame.tsx": {"path":"/home/srobot/dev/esports-manager/crates/esm-ui/src/components/NewGame.tsx","statementMap":{"0":{"start":{"line":19,"column":62},"end":{"line":23,"column":null}},"1":{"start":{"line":34,"column":2},"end":{"line":61,"column":null}},"2":{"start":{"line":47,"column":25},"end":{"line":47,"column":49}},"3":{"start":{"line":56,"column":10},"end":{"line":56,"column":null}},"4":{"start":{"line":59,"column":10},"end":{"line":59,"column":null}},"5":{"start":{"line":67,"column":20},"end":{"line":67,"column":48}},"6":{"start":{"line":68,"column":19},"end":{"line":68,"column":46}},"7":{"start":{"line":69,"column":19},"end":{"line":69,"column":46}},"8":{"start":{"line":70,"column":22},"end":{"line":70,"column":52}},"9":{"start":{"line":71,"column":21},"end":{"line":71,"column":66}},"10":{"start":{"line":74,"column":4},"end":{"line":77,"column":null}},"11":{"start":{"line":79,"column":8},"end":{"line":87,"column":null}},"12":{"start":{"line":80,"column":4},"end":{"line":87,"column":null}},"13":{"start":{"line":81,"column":6},"end":{"line":87,"column":null}},"14":{"start":{"line":91,"column":2},"end":{"line":246,"column":null}},"15":{"start":{"line":113,"column":12},"end":{"line":113,"column":null}},"16":{"start":{"line":114,"column":12},"end":{"line":114,"column":null}},"17":{"start":{"line":117,"column":12},"end":{"line":117,"column":null}},"18":{"start":{"line":118,"column":12},"end":{"line":118,"column":null}},"19":{"start":{"line":199,"column":33},"end":{"line":199,"column":null}},"20":{"start":{"line":200,"column":16},"end":{"line":222,"column":null}},"21":{"start":{"line":206,"column":35},"end":{"line":206,"column":59}}},"fnMap":{"0":{"name":"FormField","decl":{"start":{"line":33,"column":9},"end":{"line":33,"column":19}},"loc":{"start":{"line":33,"column":80},"end":{"line":61,"column":null}},"line":33},"1":{"name":"(anonymous_1)","decl":{"start":{"line":47,"column":8},"end":{"line":47,"column":19}},"loc":{"start":{"line":47,"column":25},"end":{"line":47,"column":49}},"line":47},"2":{"name":"(anonymous_2)","decl":{"start":{"line":55,"column":8},"end":{"line":55,"column":18}},"loc":{"start":{"line":55,"column":24},"end":{"line":56,"column":null}},"line":55},"3":{"name":"(anonymous_3)","decl":{"start":{"line":58,"column":8},"end":{"line":58,"column":17}},"loc":{"start":{"line":58,"column":23},"end":{"line":59,"column":null}},"line":58},"4":{"name":"NewGame","decl":{"start":{"line":66,"column":16},"end":{"line":66,"column":24}},"loc":{"start":{"line":66,"column":59},"end":{"line":246,"column":null}},"line":66},"5":{"name":"(anonymous_5)","decl":{"start":{"line":79,"column":8},"end":{"line":79,"column":31}},"loc":{"start":{"line":79,"column":31},"end":{"line":87,"column":null}},"line":79},"6":{"name":"(anonymous_6)","decl":{"start":{"line":112,"column":10},"end":{"line":112,"column":25}},"loc":{"start":{"line":112,"column":31},"end":{"line":114,"column":null}},"line":112},"7":{"name":"(anonymous_7)","decl":{"start":{"line":116,"column":10},"end":{"line":116,"column":25}},"loc":{"start":{"line":116,"column":31},"end":{"line":118,"column":null}},"line":116},"8":{"name":"(anonymous_8)","decl":{"start":{"line":198,"column":29},"end":{"line":198,"column":34}},"loc":{"start":{"line":198,"column":42},"end":{"line":222,"column":null}},"line":198},"9":{"name":"(anonymous_9)","decl":{"start":{"line":206,"column":20},"end":{"line":206,"column":35}},"loc":{"start":{"line":206,"column":35},"end":{"line":206,"column":59}},"line":206}},"branchMap":{"0":{"loc":{"start":{"line":74,"column":4},"end":{"line":77,"column":null}},"type":"binary-expr","locations":[{"start":{"line":74,"column":4},"end":{"line":74,"column":null}},{"start":{"line":75,"column":4},"end":{"line":75,"column":null}},{"start":{"line":76,"column":4},"end":{"line":76,"column":null}},{"start":{"line":77,"column":4},"end":{"line":77,"column":null}}],"line":74},"1":{"loc":{"start":{"line":80,"column":4},"end":{"line":87,"column":null}},"type":"if","locations":[{"start":{"line":80,"column":4},"end":{"line":87,"column":null}},{"start":{},"end":{}}],"line":80},"2":{"loc":{"start":{"line":209,"column":39},"end":{"line":211,"column":null}},"type":"cond-expr","locations":[{"start":{"line":210,"column":26},"end":{"line":210,"column":null}},{"start":{"line":211,"column":26},"end":{"line":211,"column":null}}],"line":209},"3":{"loc":{"start":{"line":212,"column":35},"end":{"line":214,"column":null}},"type":"cond-expr","locations":[{"start":{"line":213,"column":26},"end":{"line":213,"column":null}},{"start":{"line":214,"column":26},"end":{"line":214,"column":null}}],"line":212},"4":{"loc":{"start":{"line":215,"column":29},"end":{"line":217,"column":null}},"type":"cond-expr","locations":[{"start":{"line":216,"column":26},"end":{"line":216,"column":null}},{"start":{"line":217,"column":26},"end":{"line":217,"column":null}}],"line":215},"5":{"loc":{"start":{"line":218,"column":33},"end":{"line":218,"column":null}},"type":"cond-expr","locations":[{"start":{"line":218,"column":44},"end":{"line":218,"column":67}},{"start":{"line":218,"column":67},"end":{"line":218,"column":null}}],"line":218},"6":{"loc":{"start":{"line":234,"column":26},"end":{"line":236,"column":null}},"type":"cond-expr","locations":[{"start":{"line":235,"column":18},"end":{"line":235,"column":null}},{"start":{"line":236,"column":18},"end":{"line":236,"column":null}}],"line":234},"7":{"loc":{"start":{"line":237,"column":21},"end":{"line":237,"column":null}},"type":"cond-expr","locations":[{"start":{"line":237,"column":31},"end":{"line":237,"column":40}},{"start":{"line":237,"column":40},"end":{"line":237,"column":null}}],"line":237},"8":{"loc":{"start":{"line":238,"column":23},"end":{"line":238,"column":null}},"type":"cond-expr","locations":[{"start":{"line":238,"column":33},"end":{"line":238,"column":37}},{"start":{"line":238,"column":37},"end":{"line":238,"column":null}}],"line":238},"9":{"loc":{"start":{"line":239,"column":22},"end":{"line":239,"column":null}},"type":"cond-expr","locations":[{"start":{"line":239,"column":32},"end":{"line":239,"column":44}},{"start":{"line":239,"column":44},"end":{"line":239,"column":null}}],"line":239}},"s":{"0":2,"1":376,"2":80,"3":16,"4":15,"5":94,"6":94,"7":94,"8":94,"9":94,"10":94,"11":94,"12":3,"13":3,"14":94,"15":2,"16":2,"17":0,"18":0,"19":282,"20":282,"21":0},"f":{"0":376,"1":80,"2":16,"3":15,"4":94,"5":3,"6":2,"7":0,"8":282,"9":0},"b":{"0":[94,82,68,28],"1":[3,0],"2":[94,188],"3":[94,188],"4":[94,188],"5":[94,188],"6":[8,86],"7":[8,86],"8":[8,86],"9":[8,86]},"meta":{"lastBranch":10,"lastFunction":10,"lastStatement":22,"seen":{"s:19:62:23:Infinity":0,"f:33:9:33:19":0,"s:34:2:61:Infinity":1,"f:47:8:47:19":1,"s:47:25:47:49":2,"f:55:8:55:18":2,"s:56:10:56:Infinity":3,"f:58:8:58:17":3,"s:59:10:59:Infinity":4,"f:66:16:66:24":4,"s:67:20:67:48":5,"s:68:19:68:46":6,"s:69:19:69:46":7,"s:70:22:70:52":8,"s:71:21:71:66":9,"s:74:4:77:Infinity":10,"b:74:4:74:Infinity:75:4:75:Infinity:76:4:76:Infinity:77:4:77:Infinity":0,"s:79:8:87:Infinity":11,"f:79:8:79:31":5,"b:80:4:87:Infinity:undefined:undefined:undefined:undefined":1,"s:80:4:87:Infinity":12,"s:81:6:87:Infinity":13,"s:91:2:246:Infinity":14,"f:112:10:112:25":6,"s:113:12:113:Infinity":15,"s:114:12:114:Infinity":16,"f:116:10:116:25":7,"s:117:12:117:Infinity":17,"s:118:12:118:Infinity":18,"f:198:29:198:34":8,"s:199:33:199:Infinity":19,"s:200:16:222:Infinity":20,"f:206:20:206:35":9,"s:206:35:206:59":21,"b:210:26:210:Infinity:211:26:211:Infinity":2,"b:213:26:213:Infinity:214:26:214:Infinity":3,"b:216:26:216:Infinity:217:26:217:Infinity":4,"b:218:44:218:67:218:67:218:Infinity":5,"b:235:18:235:Infinity:236:18:236:Infinity":6,"b:237:31:237:40:237:40:237:Infinity":7,"b:238:33:238:37:238:37:238:Infinity":8,"b:239:32:239:44:239:44:239:Infinity":9}}}
,"/home/srobot/dev/esports-manager/crates/esm-ui/src/components/Results.tsx": {"path":"/home/srobot/dev/esports-manager/crates/esm-ui/src/components/Results.tsx","statementMap":{"0":{"start":{"line":20,"column":20},"end":{"line":23,"column":null}},"1":{"start":{"line":26,"column":2},"end":{"line":131,"column":null}},"2":{"start":{"line":45,"column":31},"end":{"line":45,"column":null}},"3":{"start":{"line":47,"column":12},"end":{"line":128,"column":null}}},"fnMap":{"0":{"name":"Results","decl":{"start":{"line":25,"column":16},"end":{"line":25,"column":24}},"loc":{"start":{"line":25,"column":51},"end":{"line":131,"column":null}},"line":25},"1":{"name":"(anonymous_1)","decl":{"start":{"line":44,"column":19},"end":{"line":44,"column":24}},"loc":{"start":{"line":44,"column":30},"end":{"line":128,"column":null}},"line":44}},"branchMap":{"0":{"loc":{"start":{"line":35,"column":7},"end":{"line":38,"column":null}},"type":"binary-expr","locations":[{"start":{"line":35,"column":7},"end":{"line":35,"column":null}},{"start":{"line":36,"column":8},"end":{"line":38,"column":null}}],"line":35},"1":{"loc":{"start":{"line":42,"column":7},"end":{"line":131,"column":null}},"type":"binary-expr","locations":[{"start":{"line":42,"column":7},"end":{"line":42,"column":null}},{"start":{"line":43,"column":8},"end":{"line":131,"column":null}}],"line":42},"2":{"loc":{"start":{"line":55,"column":35},"end":{"line":57,"column":null}},"type":"cond-expr","locations":[{"start":{"line":56,"column":22},"end":{"line":56,"column":null}},{"start":{"line":57,"column":22},"end":{"line":57,"column":null}}],"line":55},"3":{"loc":{"start":{"line":108,"column":39},"end":{"line":110,"column":null}},"type":"cond-expr","locations":[{"start":{"line":109,"column":26},"end":{"line":109,"column":null}},{"start":{"line":110,"column":26},"end":{"line":110,"column":null}}],"line":108},"4":{"loc":{"start":{"line":111,"column":29},"end":{"line":113,"column":null}},"type":"cond-expr","locations":[{"start":{"line":112,"column":26},"end":{"line":112,"column":null}},{"start":{"line":113,"column":26},"end":{"line":113,"column":null}}],"line":111},"5":{"loc":{"start":{"line":116,"column":21},"end":{"line":116,"column":null}},"type":"cond-expr","locations":[{"start":{"line":116,"column":39},"end":{"line":116,"column":47}},{"start":{"line":116,"column":47},"end":{"line":116,"column":null}}],"line":116}},"s":{"0":2,"1":5,"2":12,"3":12},"f":{"0":5,"1":12},"b":{"0":[5,1],"1":[5,4],"2":[8,4],"3":[8,4],"4":[8,4],"5":[8,4]},"meta":{"lastBranch":6,"lastFunction":2,"lastStatement":4,"seen":{"s:20:20:23:Infinity":0,"f:25:16:25:24":0,"s:26:2:131:Infinity":1,"b:35:7:35:Infinity:36:8:38:Infinity":0,"b:42:7:42:Infinity:43:8:131:Infinity":1,"f:44:19:44:24":1,"s:45:31:45:Infinity":2,"s:47:12:128:Infinity":3,"b:56:22:56:Infinity:57:22:57:Infinity":2,"b:109:26:109:Infinity:110:26:110:Infinity":3,"b:112:26:112:Infinity:113:26:113:Infinity":4,"b:116:39:116:47:116:47:116:Infinity":5}}}
,"/home/srobot/dev/esports-manager/crates/esm-ui/src/components/Roster.tsx": {"path":"/home/srobot/dev/esports-manager/crates/esm-ui/src/components/Roster.tsx","statementMap":{"0":{"start":{"line":19,"column":44},"end":{"line":25,"column":null}},"1":{"start":{"line":29,"column":4},"end":{"line":35,"column":null}},"2":{"start":{"line":37,"column":2},"end":{"line":43,"column":null}},"3":{"start":{"line":48,"column":14},"end":{"line":48,"column":47}},"4":{"start":{"line":50,"column":4},"end":{"line":54,"column":null}},"5":{"start":{"line":56,"column":2},"end":{"line":76,"column":null}},"6":{"start":{"line":81,"column":2},"end":{"line":216,"column":null}},"7":{"start":{"line":159,"column":16},"end":{"line":212,"column":null}},"8":{"start":{"line":166,"column":20},"end":{"line":167,"column":null}},"9":{"start":{"line":170,"column":20},"end":{"line":170,"column":null}}},"fnMap":{"0":{"name":"AttributeCell","decl":{"start":{"line":27,"column":9},"end":{"line":27,"column":23}},"loc":{"start":{"line":27,"column":53},"end":{"line":43,"column":null}},"line":27},"1":{"name":"StatBar","decl":{"start":{"line":47,"column":9},"end":{"line":47,"column":17}},"loc":{"start":{"line":47,"column":69},"end":{"line":76,"column":null}},"line":47},"2":{"name":"Roster","decl":{"start":{"line":80,"column":16},"end":{"line":80,"column":23}},"loc":{"start":{"line":80,"column":49},"end":{"line":216,"column":null}},"line":80},"3":{"name":"(anonymous_3)","decl":{"start":{"line":158,"column":23},"end":{"line":158,"column":28}},"loc":{"start":{"line":159,"column":16},"end":{"line":212,"column":null}},"line":159},"4":{"name":"(anonymous_4)","decl":{"start":{"line":165,"column":18},"end":{"line":165,"column":33}},"loc":{"start":{"line":165,"column":39},"end":{"line":167,"column":null}},"line":165},"5":{"name":"(anonymous_5)","decl":{"start":{"line":169,"column":18},"end":{"line":169,"column":33}},"loc":{"start":{"line":169,"column":39},"end":{"line":170,"column":null}},"line":169}},"branchMap":{"0":{"loc":{"start":{"line":29,"column":4},"end":{"line":35,"column":null}},"type":"cond-expr","locations":[{"start":{"line":30,"column":8},"end":{"line":30,"column":null}},{"start":{"line":31,"column":8},"end":{"line":35,"column":null}}],"line":29},"1":{"loc":{"start":{"line":31,"column":8},"end":{"line":35,"column":null}},"type":"cond-expr","locations":[{"start":{"line":32,"column":10},"end":{"line":32,"column":null}},{"start":{"line":33,"column":10},"end":{"line":35,"column":null}}],"line":31},"2":{"loc":{"start":{"line":33,"column":10},"end":{"line":35,"column":null}},"type":"cond-expr","locations":[{"start":{"line":34,"column":12},"end":{"line":34,"column":null}},{"start":{"line":35,"column":12},"end":{"line":35,"column":null}}],"line":33},"3":{"loc":{"start":{"line":50,"column":4},"end":{"line":54,"column":null}},"type":"cond-expr","locations":[{"start":{"line":51,"column":8},"end":{"line":51,"column":null}},{"start":{"line":52,"column":8},"end":{"line":54,"column":null}}],"line":50},"4":{"loc":{"start":{"line":52,"column":8},"end":{"line":54,"column":null}},"type":"cond-expr","locations":[{"start":{"line":53,"column":10},"end":{"line":53,"column":null}},{"start":{"line":54,"column":10},"end":{"line":54,"column":null}}],"line":52},"5":{"loc":{"start":{"line":90,"column":7},"end":{"line":93,"column":null}},"type":"binary-expr","locations":[{"start":{"line":90,"column":7},"end":{"line":90,"column":null}},{"start":{"line":91,"column":8},"end":{"line":93,"column":null}}],"line":90},"6":{"loc":{"start":{"line":97,"column":7},"end":{"line":216,"column":null}},"type":"binary-expr","locations":[{"start":{"line":97,"column":7},"end":{"line":97,"column":null}},{"start":{"line":98,"column":8},"end":{"line":216,"column":null}}],"line":97},"7":{"loc":{"start":{"line":196,"column":44},"end":{"line":196,"column":94}},"type":"binary-expr","locations":[{"start":{"line":196,"column":44},"end":{"line":196,"column":67}},{"start":{"line":196,"column":67},"end":{"line":196,"column":94}}],"line":196},"8":{"loc":{"start":{"line":197,"column":31},"end":{"line":197,"column":null}},"type":"binary-expr","locations":[{"start":{"line":197,"column":31},"end":{"line":197,"column":54}},{"start":{"line":197,"column":54},"end":{"line":197,"column":null}}],"line":197}},"s":{"0":2,"1":54,"2":54,"3":36,"4":36,"5":36,"6":7,"7":18,"8":0,"9":0},"f":{"0":54,"1":36,"2":7,"3":18,"4":0,"5":0},"b":{"0":[18,36],"1":[36,0],"2":[0,0],"3":[36,0],"4":[0,0],"5":[7,1],"6":[7,6],"7":[18,0],"8":[18,0]},"meta":{"lastBranch":9,"lastFunction":6,"lastStatement":10,"seen":{"s:19:44:25:Infinity":0,"f:27:9:27:23":0,"s:29:4:35:Infinity":1,"b:30:8:30:Infinity:31:8:35:Infinity":0,"b:32:10:32:Infinity:33:10:35:Infinity":1,"b:34:12:34:Infinity:35:12:35:Infinity":2,"s:37:2:43:Infinity":2,"f:47:9:47:17":1,"s:48:14:48:47":3,"s:50:4:54:Infinity":4,"b:51:8:51:Infinity:52:8:54:Infinity":3,"b:53:10:53:Infinity:54:10:54:Infinity":4,"s:56:2:76:Infinity":5,"f:80:16:80:23":2,"s:81:2:216:Infinity":6,"b:90:7:90:Infinity:91:8:93:Infinity":5,"b:97:7:97:Infinity:98:8:216:Infinity":6,"f:158:23:158:28":3,"s:159:16:212:Infinity":7,"f:165:18:165:33":4,"s:166:20:167:Infinity":8,"f:169:18:169:33":5,"s:170:20:170:Infinity":9,"b:196:44:196:67:196:67:196:94":7,"b:197:31:197:54:197:54:197:Infinity":8}}}
[...]
line":234,"column":31},"end":{"line":234,"column":38}},"loc":{"start":{"line":234,"column":81},"end":{"line":246,"column":7}},"line":234},"27":{"name":"useNewGame","decl":{"start":{"line":251,"column":16},"end":{"line":251,"column":29}},"loc":{"start":{"line":251,"column":29},"end":{"line":271,"column":null}},"line":251},"28":{"name":"(anonymous_28)","decl":{"start":{"line":255,"column":33},"end":{"line":255,"column":40}},"loc":{"start":{"line":255,"column":92},"end":{"line":269,"column":7}},"line":255},"29":{"name":"useSaveGame","decl":{"start":{"line":274,"column":16},"end":{"line":274,"column":30}},"loc":{"start":{"line":274,"column":30},"end":{"line":295,"column":null}},"line":274},"30":{"name":"(anonymous_30)","decl":{"start":{"line":278,"column":31},"end":{"line":278,"column":38}},"loc":{"start":{"line":278,"column":73},"end":{"line":293,"column":7}},"line":278},"31":{"name":"useAdvanceTurn","decl":{"start":{"line":298,"column":16},"end":{"line":298,"column":33}},"loc":{"start":{"line":298,"column":33},"end":{"line":318,"column":null}},"line":298},"32":{"name":"(anonymous_32)","decl":{"start":{"line":302,"column":34},"end":{"line":302,"column":72}},"loc":{"start":{"line":302,"column":72},"end":{"line":316,"column":7}},"line":302},"33":{"name":"useLoadDatapack","decl":{"start":{"line":321,"column":16},"end":{"line":321,"column":34}},"loc":{"start":{"line":321,"column":34},"end":{"line":342,"column":null}},"line":321},"34":{"name":"(anonymous_34)","decl":{"start":{"line":326,"column":35},"end":{"line":326,"column":42}},"loc":{"start":{"line":326,"column":59},"end":{"line":340,"column":7}},"line":326},"35":{"name":"useStandings","decl":{"start":{"line":345,"column":16},"end":{"line":345,"column":31}},"loc":{"start":{"line":345,"column":31},"end":{"line":368,"column":null}},"line":345},"36":{"name":"(anonymous_36)","decl":{"start":{"line":350,"column":37},"end":{"line":350,"column":49}},"loc":{"start":{"line":350,"column":49},"end":{"line":366,"column":7}},"line":350},"37":{"name":"useSchedule","decl":{"start":{"line":371,"column":16},"end":{"line":371,"column":30}},"loc":{"start":{"line":371,"column":30},"end":{"line":394,"column":null}},"line":371},"38":{"name":"(anonymous_38)","decl":{"start":{"line":376,"column":36},"end":{"line":376,"column":48}},"loc":{"start":{"line":376,"column":48},"end":{"line":392,"column":7}},"line":376},"39":{"name":"useRoster","decl":{"start":{"line":397,"column":16},"end":{"line":397,"column":28}},"loc":{"start":{"line":397,"column":28},"end":{"line":420,"column":null}},"line":397},"40":{"name":"(anonymous_40)","decl":{"start":{"line":402,"column":34},"end":{"line":402,"column":46}},"loc":{"start":{"line":402,"column":46},"end":{"line":418,"column":7}},"line":402},"41":{"name":"useInbox","decl":{"start":{"line":423,"column":16},"end":{"line":423,"column":27}},"loc":{"start":{"line":423,"column":27},"end":{"line":446,"column":null}},"line":423},"42":{"name":"(anonymous_42)","decl":{"start":{"line":428,"column":33},"end":{"line":428,"column":45}},"loc":{"start":{"line":428,"column":45},"end":{"line":444,"column":7}},"line":428},"43":{"name":"useResolveMessage","decl":{"start":{"line":449,"column":16},"end":{"line":449,"column":36}},"loc":{"start":{"line":449,"column":36},"end":{"line":470,"column":null}},"line":449},"44":{"name":"(anonymous_44)","decl":{"start":{"line":453,"column":30},"end":{"line":453,"column":37}},"loc":{"start":{"line":453,"column":73},"end":{"line":468,"column":7}},"line":453},"45":{"name":"usePlayMatchDelegate","decl":{"start":{"line":473,"column":16},"end":{"line":473,"column":39}},"loc":{"start":{"line":473,"column":39},"end":{"line":493,"column":null}},"line":473},"46":{"name":"(anonymous_46)","decl":{"start":{"line":477,"column":40},"end":{"line":477,"column":78}},"loc":{"start":{"line":477,"column":78},"end":{"line":491,"column":7}},"line":477}},"branchMap":{"0":{"loc":{"start":{"line":9,"column":2},"end":{"line":9,"column":null}},"type":"binary-expr","locations":[{"start":{"line":9,"column":2},"end":{"line":9,"column":35}},{"start":{"line":9,"column":35},"end":{"line":9,"column":null}}],"line":9},"1":{"loc":{"start":{"line":99,"column":4},"end":{"line":99,"column":null}},"type":"if","locations":[{"start":{"line":99,"column":4},"end":{"line":99,"column":null}},{"start":{},"end":{}}],"line":99},"2":{"loc":{"start":{"line":113,"column":4},"end":{"line":115,"column":null}},"type":"if","locations":[{"start":{"line":113,"column":4},"end":{"line":115,"column":null}},{"start":{},"end":{}}],"line":113},"3":{"loc":{"start":{"line":178,"column":2},"end":{"line":179,"column":null}},"type":"if","locations":[{"start":{"line":178,"column":2},"end":{"line":179,"column":null}},{"start":{},"end":{}}],"line":178},"4":{"loc":{"start":{"line":179,"column":21},"end":{"line":179,"column":77}},"type":"cond-expr","locations":[{"start":{"line":179,"column":32},"end":{"line":179,"column":46}},{"start":{"line":179,"column":49},"end":{"line":179,"column":77}}],"line":179},"5":{"loc":{"start":{"line":201,"column":15},"end":{"line":201,"column":57}},"type":"cond-expr","locations":[{"start":{"line":201,"column":36},"end":{"line":201,"column":48}},{"start":{"line":201,"column":48},"end":{"line":201,"column":57}}],"line":201},"6":{"loc":{"start":{"line":241,"column":15},"end":{"line":241,"column":57}},"type":"cond-expr","locations":[{"start":{"line":241,"column":36},"end":{"line":241,"column":48}},{"start":{"line":241,"column":48},"end":{"line":241,"column":57}}],"line":241},"7":{"loc":{"start":{"line":262,"column":18},"end":{"line":262,"column":60}},"type":"cond-expr","locations":[{"start":{"line":262,"column":39},"end":{"line":262,"column":51}},{"start":{"line":262,"column":51},"end":{"line":262,"column":60}}],"line":262},"8":{"loc":{"start":{"line":286,"column":18},"end":{"line":286,"column":60}},"type":"cond-expr","locations":[{"start":{"line":286,"column":39},"end":{"line":286,"column":51}},{"start":{"line":286,"column":51},"end":{"line":286,"column":60}}],"line":286},"9":{"loc":{"start":{"line":309,"column":18},"end":{"line":309,"column":60}},"type":"cond-expr","locations":[{"start":{"line":309,"column":39},"end":{"line":309,"column":51}},{"start":{"line":309,"column":51},"end":{"line":309,"column":60}}],"line":309},"10":{"loc":{"start":{"line":335,"column":15},"end":{"line":335,"column":57}},"type":"cond-expr","locations":[{"start":{"line":335,"column":36},"end":{"line":335,"column":48}},{"start":{"line":335,"column":48},"end":{"line":335,"column":57}}],"line":335},"11":{"loc":{"start":{"line":359,"column":18},"end":{"line":359,"column":60}},"type":"cond-expr","locations":[{"start":{"line":359,"column":39},"end":{"line":359,"column":51}},{"start":{"line":359,"column":51},"end":{"line":359,"column":60}}],"line":359},"12":{"loc":{"start":{"line":385,"column":18},"end":{"line":385,"column":60}},"type":"cond-expr","locations":[{"start":{"line":385,"column":39},"end":{"line":385,"column":51}},{"start":{"line":385,"column":51},"end":{"line":385,"column":60}}],"line":385},"13":{"loc":{"start":{"line":411,"column":18},"end":{"line":411,"column":60}},"type":"cond-expr","locations":[{"start":{"line":411,"column":39},"end":{"line":411,"column":51}},{"start":{"line":411,"column":51},"end":{"line":411,"column":60}}],"line":411},"14":{"loc":{"start":{"line":437,"column":18},"end":{"line":437,"column":60}},"type":"cond-expr","locations":[{"start":{"line":437,"column":39},"end":{"line":437,"column":51}},{"start":{"line":437,"column":51},"end":{"line":437,"column":60}}],"line":437},"15":{"loc":{"start":{"line":461,"column":18},"end":{"line":461,"column":60}},"type":"cond-expr","locations":[{"start":{"line":461,"column":39},"end":{"line":461,"column":51}},{"start":{"line":461,"column":51},"end":{"line":461,"column":60}}],"line":461},"16":{"loc":{"start":{"line":484,"column":18},"end":{"line":484,"column":60}},"type":"cond-expr","locations":[{"start":{"line":484,"column":39},"end":{"line":484,"column":51}},{"start":{"line":484,"column":51},"end":{"line":484,"column":60}}],"line":484}},"s":{"0":1,"1":1,"2":1,"3":1,"4":1,"5":1,"6":1,"7":0,"8":0,"9":1,"10":9,"11":9,"12":0,"13":0,"14":0,"15":0,"16":0,"17":0,"18":0,"19":0,"20":0,"21":0,"22":0,"23":0,"24":0,"25":0,"26":0,"27":0,"28":0,"29":0,"30":0,"31":0,"32":0,"33":0,"34":0,"35":0,"36":0,"37":0,"38":0,"39":0,"40":0,"41":0,"42":0,"43":9,"44":9,"45":1,"46":9,"47":1,"48":9,"49":29,"50":29,"51":29,"52":29,"53":9,"54":9,"55":9,"56":9,"57":9,"58":9,"59":0,"60":9,"61":29,"62":7,"63":29,"64":29,"65":29,"66":0,"67":0,"68":0,"69":0,"70":0,"71":29,"72":29,"73":29,"74":29,"75":0,"76":0,"77":0,"78":0,"79":0,"80":0,"81":0,"82":0,"83":29,"84":29,"85":29,"86":29,"87":0,"88":0,"89":0,"90":0,"91":0,"92":0,"93":0,"94":0,"95":0,"96":0,"97":29,"98":29,"99":29,"100":29,"101":0,"102":0,"103":0,"104":0,"105":0,"106":0,"107":0,"108":0,"109":0,"110":0,"111":0,"112":29,"113":29,"114":29,"115":29,"116":0,"117":0,"118":0,"119":0,"120":0,"121":0,"122":0,"123":0,"124":0,"125":0,"126":29,"127":0,"128":0,"129":0,"130":0,"131":0,"132":0,"133":0,"134":0,"135":0,"136":0,"137":0,"138":0,"139":0,"140":0,"141":0,"142":0,"143":0,"144":0,"145":0,"146":0,"147":0,"148":0,"149":0,"150":0,"151":0,"152":0,"153":0,"154":0,"155":0,"156":0,"157":0,"158":0,"159":0,"160":0,"161":0,"162":0,"163":0,"164":0,"165":0,"166":0,"167":0,"168":0,"169":0,"170":0,"171":0,"172":0,"173":0,"174":0,"175":0,"176":0,"177":0,"178":0,"179":0,"180":0,"181":0,"182":0,"183":0,"184":0,"185":0,"186":0,"187":0,"188":0,"189":0,"190":0,"191":0,"192":0,"193":0,"194":0,"195":0,"196":0,"197":0,"198":0,"199":0,"200":0,"201":0,"202":0,"203":0,"204":0,"205":0,"206":0,"207":0,"208":0,"209":0,"210":0,"211":0,"212":0,"213":0,"214":0,"215":0,"216":0,"217":0,"218":0,"219":0,"220":0,"221":0,"222":0,"223":0,"224":0,"225":0,"226":0,"227":0,"228":0,"229":0,"230":0,"231":0,"232":0,"233":0,"234":0,"235":0,"236":0,"237":0,"238":0},"f":{"0":0,"1":9,"2":0,"3":0,"4":0,"5":0,"6":0,"7":0,"8":0,"9":0,"10":0,"11":0,"12":0,"13":0,"14":0,"15":0,"16":0,"17":9,"18":9,"19":9,"20":29,"21":9,"22":7,"23":29,"24":0,"25":29,"26":0,"27":29,"28":0,"29":29,"30":0,"31":29,"32":0,"33":0,"34":0,"35":0,"36":0,"37":0,"38":0,"39":0,"40":0,"41":0,"42":0,"43":0,"44":0,"45":0,"46":0},"b":{"0":[1,1],"1":[0,0],"2":[0,0],"3":[1,8],"4":[0,1],"5":[0,0],"6":[0,0],"7":[0,0],"8":[0,0],"9":[0,0],"10":[0,0],"11":[0,0],"12":[0,0],"13":[0,0],"14":[0,0],"15":[0,0],"16":[0,0]},"meta":{"lastBranch":17,"lastFunction":47,"lastStatement":239,"seen":{"s:9:2:9:Infinity":0,"b:9:2:9:35:9:35:9:Infinity":0,"s:15:31:17:Infinity":1,"s:20:31:27:Infinity":2,"s:29:33:39:Infinity":3,"s:41:20:41:Infinity":4,"s:42:21:42:Infinity":5,"s:43:14:43:Infinity":6,"f:66:15:66:51":0,"s:67:14:67:Infinity":7,"s:68:2:83:Infinity":8,"s:86:32:169:Infinity":9,"f:87:8:87:20":1,"s:88:4:88:Infinity":10,"s:89:4:89:Infinity":11,"f:92:8:92:17":2,"s:93:4:93:Infinity":12,"s:94:4:94:Infinity":13,"f:96:8:96:19":3,"s:97:4:97:Infinity":14,"s:98:16:98:60":15,"f:98:27:98:38":4,"s:98:44:98:60":16,"b:99:4:99:Infinity:undefined:undefined:undefined:undefined":1,"s:99:4:99:Infinity":17,"s:99:18:99:Infinity":18,"f:102:8:102:16":5,"s:103:4:103:Infinity":19,"s:104:4:104:Infinity":20,"f:107:8:107:17":6,"s:108:4:108:Infinity":21,"f:110:8:110:22":7,"s:111:4:111:Infinity":22,"s:112:4:112:Infinity":23,"b:113:4:115:Infinity:undefined:undefined:undefined:undefined":2,"s:113:4:115:Infinity":24,"s:114:6:114:Infinity":25,"s:115:6:115:Infinity":26,"s:117:4:117:Infinity":27,"f:119:8:119:20":8,"s:120:4:120:Infinity":28,"s:121:4:127:Infinity":29,"f:129:8:129:19":9,"s:130:4:130:Infinity":30,"s:131:4:134:Infinity":31,"f:137:8:137:21":10,"s:138:4:138:Infinity":32,"s:139:4:139:Infinity":33,"f:141:8:141:22":11,"s:142:4:142:Infinity":34,"f:144:8:144:23":12,"s:145:4:145:Infinity":35,"s:146:4:152:Infinity":36,"f:146:22:146:27":13,"s:146:37:152:7":37,"f:154:8:154:22":14,"s:155:4:155:Infinity":38,"s:156:4:159:Infinity":39,"f:162:8:162:23":15,"s:163:4:163:Infinity":40,"f:165:8:165:28":16,"s:166:4:166:Infinity":41,"s:167:4:167:Infinity":42,"f:171:9:171:15":17,"s:172:2:172:Infinity":43,"f:172:13:172:22":18,"s:172:28:172:45":44,"s:175:49:175:Infinity":45,"f:177:9:177:43":19,"b:178:2:179:Infinity:undefined:undefined:undefined:undefined":3,"s:178:2:179:Infinity":46,"s:179:4:179:Infinity":47,"b:179:32:179:46:179:49:179:77":4,"s:181:2:181:Infinity":48,"f:188:16:188:31":20,"s:189:16:189:52":49,"s:190:18:190:46":50,"s:191:16:191:57":51,"s:193:8:205:8":52,"f:193:30:193:42":21,"s:194:4:194:Infinity":53,"s:195:4:195:Infinity":54,"s:196:4:203:Infinity":55,"s:197:22:197:40":56,"s:198:21:198:46":57,"s:199:6:199:Infinity":58,"s:201:6:201:Infinity":59,"b:201:36:201:48:201:48:201:57":5,"s:203:6:203:Infinity":60,"s:207:2:209:Infinity":61,"f:207:2:207:18":22,"s:208:4:208:Infinity":62,"s:211:2:211:Infinity":63,"f:214:16:214:32":23,"s:215:19:215:49":64,"s:217:8:225:8":65,"f:217:33:217:40":24,"s:218:4:218:Infinity":66,"s:219:4:223:Infinity":67,"s:220:22:220:40":68,"s:221:6:221:Infinity":69,"s:223:6:223:Infinity":70,"s:227:2:227:Infinity":71,"f:230:16:230:30":25,"s:231:18:231:47":72,"s:232:16:232:57":73,"s:234:8:246:8":74,"f:234:31:234:38":26,"s:235:4:235:Infinity":75,"s:236:4:236:Infinity":76,"s:237:4:244:Infinity":77,"s:238:22:238:40":78,"s:239:6:239:Infinity":79,"s:241:6:241:Infinity":80,"b:241:36:241:48:241:48:241:57":6,"s:242:6:242:Infinity":81,"s:244:6:244:Infinity":82,"s:248:2:248:Infinity":83,"f:251:16:251:29":27,"s:252:19:252:49":84,"s:253:16:253:57":85,"s:255:8:269:8":86,"f:255:33:255:40":28,"s:256:4:256:Infinity":87,"s:257:4:257:Infinity":88,"s:258:4:267:Infinity":89,"s:259:22:259:40":90,"s:260:6:260:Infinity":91,"s:262:18:262:60":92,"b:262:39:262:51:262:51:262:60":7,"s:263:6:263:Infinity":93,"s:264:6:264:Infinity":94,"s:265:6:265:Infinity":95,"s:267:6:267:Infinity":96,"s:271:2:271:Infinity":97,"f:274:16:274:30":29,"s:275:17:275:45":98,"s:276:16:276:57":99,"s:278:8:293:8":100,"f:278:31:278:38":30,"s:279:4:279:Infinity":101,"s:280:4:280:Infinity":102,"s:281:4:291:Infinity":103,"s:282:22:282:40":104,"s:283:6:283:Infinity":105,"s:284:6:284:Infinity":106,"s:286:18:286:60":107,"b:286:39:286:51:286:51:286:60":8,"s:287:6:287:Infinity":108,"s:288:6:288:Infinity":109,"s:289:6:289:Infinity":110,"s:291:6:291:Infinity":111,"s:295:2:295:Infinity":112,"f:298:16:298:33":31,"s:299:20:299:51":113,"s:300:16:300:57":114,"s:302:8:316:8":115,"f:302:34:302:72":32,"s:303:4:303:Infinity":116,"s:304:4:304:Infinity":117,"s:305:4:314:Infinity":118,"s:306:22:306:40":119,"s:307:6:307:Infinity":120,"s:309:18:309:60":121,"b:309:39:309:51:309:51:309:60":9,"s:310:6:310:Infinity":122,"s:311:6:311:Infinity":123,"s:312:6:312:Infinity":124,"s:314:6:314:Infinity":125,"s:318:2:318:Infinity":126,"f:321:16:321:34":33,"s:322:16:322:52":127,"s:323:18:323:47":128,"s:324:16:324:57":129,"s:326:8:340:8":130,"f:326:35:326:42":34,"s:327:4:327:Infinity":131,"s:328:4:328:Infinity":132,"s:329:4:338:Infinity":133,"s:330:22:330:40":134,"s:331:21:331:53":135,"s:332:6:332:Infinity":136,"s:333:6:333:Infinity":137,"s:335:6:335:Infinity":138,"b:335:36:335:48:335:48:335:57":10,"s:336:6:336:Infinity":139,"s:338:6:338:Infinity":140,"s:342:2:342:Infinity":141,"f:345:16:345:31":35,"s:346:20:346:64":142,"s:347:18:347:47":143,"s:348:16:348:57":144,"s:350:8:366:8":145,"f:350:37:350:49":36,"s:351:4:351:Infinity":146,"s:352:4:352:Infinity":147,"s:353:4:364:Infinity":148,"s:354:22:354:40":149,"s:355:21:355:49":150,"s:356:6:356:Infinity":151,"s:357:6:357:Infinity":152,"s:359:18:359:60":153,"b:359:39:359:51:359:51:359:60":11,"s:360:6:360:Infinity":154,"s:361:6:361:Infinity":155,"s:362:6:362:Infinity":156,"s:364:6:364:Infinity":157,"s:368:2:368:Infinity":158,"f:371:16:371:30":37,"s:372:19:372:67":159,"s:373:18:373:47":160,"s:374:16:374:57":161,"s:376:8:392:8":162,"f:376:36:376:48":38,"s:377:4:377:Infinity":163,"s:378:4:378:Infinity":164,"s:379:4:390:Infinity":165,"s:380:22:380:40":166,"s:381:21:381:48":167,"s:382:6:382:Infinity":168,"s:383:6:383:Infinity":169,"s:385:18:385:60":170,"b:385:39:385:51:385:51:385:60":12,"s:386:6:386:Infinity":171,"s:387:6:387:Infinity":172,"s:388:6:388:Infinity":173,"s:390:6:390:Infinity":174,"s:394:2:394:Infinity":175,"f:397:16:397:28":39,"s:398:17:398:56":176,"s:399:18:399:47":177,"s:400:16:400:57":178,"s:402:8:418:8":179,"f:402:34:402:46":40,"s:403:4:403:Infinity":180,"s:404:4:404:Infinity":181,"s:405:4:416:Infinity":182,"s:406:22:406:40":183,"s:407:21:407:46":184,"s:408:6:408:Infinity":185,"s:409:6:409:Infinity":186,"s:411:18:411:60":187,"b:411:39:411:51:411:51:411:60":13,"s:412:6:412:Infinity":188,"s:413:6:413:Infinity":189,"s:414:6:414:Infinity":190,"s:416:6:416:Infinity":191,"s:420:2:420:Infinity":192,"f:423:16:423:27":41,"s:424:19:424:66":193,"s:425:18:425:47":194,"s:426:16:426:57":195,"s:428:8:444:8":196,"f:428:33:428:45":42,"s:429:4:429:Infinity":197,"s:430:4:430:Infinity":198,"s:431:4:442:Infinity":199,"s:432:22:432:40":200,"s:433:21:433:45":201,"s:434:6:434:Infinity":202,"s:435:6:435:Infinity":203,"s:437:18:437:60":204,"b:437:39:437:51:437:51:437:60":14,"s:438:6:438:Infinity":205,"s:439:6:439:Infinity":206,"s:440:6:440:Infinity":207,"s:442:6:442:Infinity":208,"s:446:2:446:Infinity":209,"f:449:16:449:36":43,"s:450:20:450:51":210,"s:451:16:451:57":211,"s:453:8:468:8":212,"f:453:30:453:37":44,"s:454:4:454:Infinity":213,"s:455:4:455:Infinity":214,"s:456:4:466:Infinity":215,"s:457:22:457:40":216,"s:458:6:458:Infinity":217,"s:459:6:459:Infinity":218,"s:461:18:461:60":219,"b:461:39:461:51:461:51:461:60":15,"s:462:6:462:Infinity":220,"s:463:6:463:Infinity":221,"s:464:6:464:Infinity":222,"s:466:6:466:Infinity":223,"s:470:2:470:Infinity":224,"f:473:16:473:39":45,"s:474:18:474:47":225,"s:475:16:475:57":226,"s:477:8:491:8":227,"f:477:40:477:78":46,"s:478:4:478:Infinity":228,"s:479:4:479:Infinity":229,"s:480:4:489:Infinity":230,"s:481:22:481:40":231,"s:482:6:482:Infinity":232,"s:484:18:484:60":233,"b:484:39:484:51:484:51:484:60":16,"s:485:6:485:Infinity":234,"s:486:6:486:Infinity":235,"s:487:6:487:Infinity":236,"s:489:6:489:Infinity":237,"s:493:2:493:Infinity":238}}}
,"/home/srobot/dev/esports-manager/crates/esm-ui/src/lib/use-theme.ts": {"path":"/home/srobot/dev/esports-manager/crates/esm-ui/src/lib/use-theme.ts","statementMap":{"0":{"start":{"line":5,"column":8},"end":{"line":5,"column":42}},"1":{"start":{"line":6,"column":2},"end":{"line":7,"column":null}},"2":{"start":{"line":7,"column":4},"end":{"line":7,"column":null}},"3":{"start":{"line":9,"column":2},"end":{"line":9,"column":null}}},"fnMap":{"0":{"name":"useTheme","decl":{"start":{"line":4,"column":16},"end":{"line":4,"column":27}},"loc":{"start":{"line":4,"column":27},"end":{"line":9,"column":null}},"line":4}},"branchMap":{"0":{"loc":{"start":{"line":6,"column":2},"end":{"line":7,"column":null}},"type":"if","locations":[{"start":{"line":6,"column":2},"end":{"line":7,"column":null}},{"start":{},"end":{}}],"line":6}},"s":{"0":45,"1":45,"2":0,"3":45},"f":{"0":45},"b":{"0":[0,45]},"meta":{"lastBranch":1,"lastFunction":1,"lastStatement":4,"seen":{"f:4:16:4:27":0,"s:5:8:5:42":0,"b:6:2:7:Infinity:undefined:undefined:undefined:undefined":0,"s:6:2:7:Infinity":1,"s:7:4:7:Infinity":2,"s:9:2:9:Infinity":3}}}
,"/home/srobot/dev/esports-manager/crates/esm-ui/src/test/render.tsx": {"path":"/home/srobot/dev/esports-manager/crates/esm-ui/src/test/render.tsx","statementMap":{"0":{"start":{"line":6,"column":2},"end":{"line":6,"column":null}},"1":{"start":{"line":13,"column":2},"end":{"line":13,"column":null}}},"fnMap":{"0":{"name":"Wrapper","decl":{"start":{"line":5,"column":9},"end":{"line":5,"column":17}},"loc":{"start":{"line":5,"column":62},"end":{"line":6,"column":null}},"line":5},"1":{"name":"renderWithProviders","decl":{"start":{"line":9,"column":16},"end":{"line":9,"column":null}},"loc":{"start":{"line":12,"column":2},"end":{"line":13,"column":null}},"line":12}},"branchMap":{},"s":{"0":107,"1":107},"f":{"0":107,"1":107},"b":{},"meta":{"lastBranch":0,"lastFunction":2,"lastStatement":2,"seen":{"f:5:9:5:17":0,"s:6:2:6:Infinity":0,"f:9:16:9:Infinity":1,"s:13:2:13:Infinity":1}}}
}
